
================================================================================ ERROR 12:3:31 ================================================================================


URL: /api/NotasProveedores/TiposDoc
TypeError: Cannot read property 'moduloActual' of undefined

********************************************************************************************************************************************************************************




================================================================================ ERROR 12:3:49 ================================================================================


URL: /api/NotasProveedores/TiposDoc
TypeError: Cannot read property 'moduloActual' of undefined

********************************************************************************************************************************************************************************




================================================================================ ERROR 12:11:55 ================================================================================


URL: /api/NotasProveedores/TiposDoc
TypeError: Cannot read property 'moduloActual' of undefined

********************************************************************************************************************************************************************************




================================================================================ ERROR 12:13:13 ================================================================================


URL: /api/NotasProveedores/TiposDoc
TypeError: Cannot read property 'moduloActual' of undefined

********************************************************************************************************************************************************************************




================================================================================ ERROR 12:17:4 ================================================================================


URL: /api/NOTAS_PROVEEDORES/TIPOS_DOC
TypeError: Cannot read property 'moduloActual' of undefined

********************************************************************************************************************************************************************************




================================================================================ ERROR 12:20:41 ================================================================================


URL: /api/NOTAS_PROVEEDORES/TIPOS_DOC
TypeError: Cannot read property 'moduloActual' of undefined

********************************************************************************************************************************************************************************




================================================================================ ERROR 12:23:56 ================================================================================


URL: /api/NOTAS_PROVEEDORES/TIPOS_DOC
TypeError: Cannot read property 'moduloActual' of undefined

********************************************************************************************************************************************************************************




================================================================================ ERROR 12:27:30 ================================================================================


URL: /api/NOTAS_PROVEEDORES/TIPOS_DOC
TypeError: Cannot read property 'moduloActual' of undefined

********************************************************************************************************************************************************************************




================================================================================ ERROR 12:32:25 ================================================================================


URL: /api/NOTAS_PROVEEDORES/TIPOS_DOC
TypeError: Cannot read property 'moduloActual' of undefined

********************************************************************************************************************************************************************************




================================================================================ ERROR 12:33:19 ================================================================================


URL: /api/NOTAS_PROVEEDORES/TIPOS_DOC
TypeError: Cannot read property 'moduloActual' of undefined

********************************************************************************************************************************************************************************




================================================================================ ERROR 12:33:45 ================================================================================


URL: /api/NOTAS_PROVEEDORES/TIPOS_DOC
TypeError: Cannot read property 'moduloActual' of undefined

********************************************************************************************************************************************************************************




================================================================================ ERROR 14:9:8 ================================================================================


URL: /api/NOTAS_PROVEEDORES/TIPOS_DOC
TypeError: Cannot read property 'moduloActual' of undefined

********************************************************************************************************************************************************************************




================================================================================ ERROR 14:9:56 ================================================================================


URL: /api/NOTAS_PROVEEDORES/TIPOS_DOC
TypeError: Cannot read property 'moduloActual' of undefined

********************************************************************************************************************************************************************************




================================================================================ ERROR 14:15:27 ================================================================================


URL: /api/NOTAS_PROVEEDORES/TIPOS_DOC
TypeError: Cannot read property 'moduloActual' of undefined

********************************************************************************************************************************************************************************




================================================================================ ERROR 14:18:37 ================================================================================


URL: /api/NOTAS_PROVEEDORES/TIPOS_DOC
TypeError: Cannot read property 'moduloActual' of undefined

********************************************************************************************************************************************************************************




================================================================================ ERROR 14:20:8 ================================================================================


URL: /api/NOTAS_PROVEEDORES/TIPOS_DOC
TypeError: Cannot read property 'moduloActual' of undefined

********************************************************************************************************************************************************************************




================================================================================ ERROR 14:20:49 ================================================================================


URL: /api/NOTAS_PROVEEDORES/TIPOS_DOC
TypeError: Cannot read property 'moduloActual' of undefined

********************************************************************************************************************************************************************************




================================================================================ ERROR 14:22:18 ================================================================================


URL: /api/NOTAS_PROVEEDORES/TIPOS_DOC
TypeError: Cannot read property 'moduloActual' of undefined

********************************************************************************************************************************************************************************



