
================================================================================ ERROR 8:49:45 ================================================================================


URL: /api/parametrizacionProductosClientes/subirArchivo
TypeError: promesa.then(...).then(...).then(...).then(...).then(...).fail is not a function

********************************************************************************************************************************************************************************




================================================================================ ERROR 8:51:35 ================================================================================


URL: /api/parametrizacionProductosClientes/subirArchivo
TypeError: promesa.then(...).then(...).then(...).then(...).then(...).catch(...).done is not a function

********************************************************************************************************************************************************************************




================================================================================ ERROR 15:22:17 ================================================================================


URL: /api/parametrizacionProductosClientes/searchInventaryProducts
TypeError: Cannot read property 'moduloActual' of undefined

********************************************************************************************************************************************************************************




================================================================================ ERROR 15:23:24 ================================================================================


URL: /api/parametrizacionProductosClientes/searchInventaryProducts
TypeError: Cannot read property 'moduloActual' of undefined

********************************************************************************************************************************************************************************




================================================================================ ERROR 15:24:49 ================================================================================


URL: /api/parametrizacionProductosClientes/searchInventaryProducts
TypeError: Cannot read property 'moduloActual' of undefined

********************************************************************************************************************************************************************************



