
================================================================================ ERROR 14:25:0 ================================================================================


URL: /api/SincronizacionDocumentos/listarTiposServicios
SyntaxError: Unexpected token M in JSON at position 0

********************************************************************************************************************************************************************************




================================================================================ ERROR 14:25:3 ================================================================================


URL: /api/SincronizacionDocumentos/listarTiposServicios
SyntaxError: Unexpected token F in JSON at position 0

********************************************************************************************************************************************************************************




================================================================================ ERROR 14:26:56 ================================================================================


URL: /api/SincronizacionDocumentos/listarTiposServicios
SyntaxError: Unexpected token F in JSON at position 0

********************************************************************************************************************************************************************************




================================================================================ ERROR 14:28:11 ================================================================================


URL: /api/SincronizacionDocumentos/listarTiposServicios
TypeError: Cannot read property 'moduloActual' of undefined

********************************************************************************************************************************************************************************




================================================================================ ERROR 14:29:39 ================================================================================


URL: /api/SincronizacionDocumentos/listarTiposServicios
SyntaxError: Unexpected token F in JSON at position 0

********************************************************************************************************************************************************************************




================================================================================ ERROR 14:33:18 ================================================================================


URL: /api/SincronizacionDocumentos/listarTiposServicios
SyntaxError: Unexpected token F in JSON at position 0

********************************************************************************************************************************************************************************




================================================================================ ERROR 14:34:52 ================================================================================


URL: /api/SincronizacionDocumentos/listarTiposServicios
SyntaxError: Unexpected token F in JSON at position 0

********************************************************************************************************************************************************************************



