
================================================================================ ERROR 7:47:54 ================================================================================


URL: /api/notasProveedores/imprimirNota
TypeError: Cannot read property 'retencionFuenteString' of undefined

********************************************************************************************************************************************************************************




================================================================================ ERROR 10:1:30 ================================================================================


URL: /api/notasProveedores/imprimirNota
TypeError: Cannot read property 'retencionFuenteString' of undefined

********************************************************************************************************************************************************************************




================================================================================ ERROR 14:28:35 ================================================================================


URL: /api/notasProveedores/imprimirNota
TypeError: Cannot read property 'retencionFuenteString' of undefined

********************************************************************************************************************************************************************************




================================================================================ ERROR 14:28:40 ================================================================================


URL: /api/notasProveedores/imprimirNota
TypeError: Cannot read property 'retencionFuenteString' of undefined

********************************************************************************************************************************************************************************




================================================================================ ERROR 14:49:59 ================================================================================


URL: /api/notasProveedores/imprimirNota
TypeError: Cannot read property 'retencionFuenteString' of undefined

********************************************************************************************************************************************************************************




================================================================================ ERROR 14:52:12 ================================================================================


URL: /api/notasProveedores/imprimirNota
TypeError: Cannot read property 'retencionFuenteString' of undefined

********************************************************************************************************************************************************************************




================================================================================ ERROR 14:52:16 ================================================================================


URL: /api/notasProveedores/imprimirNota
TypeError: Cannot read property 'retencionFuenteString' of undefined

********************************************************************************************************************************************************************************




================================================================================ ERROR 15:45:13 ================================================================================


URL: /api/notasProveedores/listarRetencionesAnuales
ReferenceError: temporal is not defined

********************************************************************************************************************************************************************************



