
================================================================================ ERROR 8:36:33 ================================================================================


URL: /api/notasProveedores/crearNota
ReferenceError: insertNotaProveedor is not defined

********************************************************************************************************************************************************************************




================================================================================ ERROR 11:48:24 ================================================================================


URL: /api/notasProveedores/crearNota
ReferenceError: nota is not defined

********************************************************************************************************************************************************************************




================================================================================ ERROR 15:17:43 ================================================================================


URL: /api/notasProveedores/crearNota
TypeError: G.knex.transaction(...).then(...).fail is not a function

********************************************************************************************************************************************************************************




================================================================================ ERROR 15:20:5 ================================================================================


URL: /api/notasProveedores/crearNota
TypeError: G.knex.transaction(...).then(...).fail is not a function

********************************************************************************************************************************************************************************




================================================================================ ERROR 16:16:56 ================================================================================


URL: /api/notasProveedores/crearNota
TypeError: G.knex.transaction(...).then(...).fail is not a function

********************************************************************************************************************************************************************************



