
================================================================================ ERROR 9:16:31 ================================================================================


URL: /api/notasProveedores/imprimirNota
TypeError: promesa.then(...).then(...).then(...).fail is not a function

********************************************************************************************************************************************************************************




================================================================================ ERROR 14:16:9 ================================================================================


URL: /favicon.ico
Error: ENOENT: no such file or directory, open '/media/datos/Proyectos/Dusoft Angular/Duana/node_modules/connect/lib/middleware/../public/favicon.ico'

********************************************************************************************************************************************************************************




================================================================================ ERROR 14:16:9 ================================================================================


URL: /favicon.ico
Error: ENOENT: no such file or directory, open '/media/datos/Proyectos/Dusoft Angular/Duana/node_modules/connect/lib/middleware/../public/favicon.ico'

********************************************************************************************************************************************************************************




================================================================================ ERROR 14:16:10 ================================================================================


URL: /favicon.ico
Error: ENOENT: no such file or directory, open '/media/datos/Proyectos/Dusoft Angular/Duana/node_modules/connect/lib/middleware/../public/favicon.ico'

********************************************************************************************************************************************************************************




================================================================================ ERROR 14:16:10 ================================================================================


URL: /favicon.ico
Error: ENOENT: no such file or directory, open '/media/datos/Proyectos/Dusoft Angular/Duana/node_modules/connect/lib/middleware/../public/favicon.ico'

********************************************************************************************************************************************************************************




================================================================================ ERROR 14:16:10 ================================================================================


URL: /favicon.ico
Error: ENOENT: no such file or directory, open '/media/datos/Proyectos/Dusoft Angular/Duana/node_modules/connect/lib/middleware/../public/favicon.ico'

********************************************************************************************************************************************************************************




================================================================================ ERROR 14:16:13 ================================================================================


URL: /favicon.ico
Error: ENOENT: no such file or directory, open '/media/datos/Proyectos/Dusoft Angular/Duana/node_modules/connect/lib/middleware/../public/favicon.ico'

********************************************************************************************************************************************************************************




================================================================================ ERROR 14:16:14 ================================================================================


URL: /favicon.ico
Error: ENOENT: no such file or directory, open '/media/datos/Proyectos/Dusoft Angular/Duana/node_modules/connect/lib/middleware/../public/favicon.ico'

********************************************************************************************************************************************************************************




================================================================================ ERROR 14:16:15 ================================================================================


URL: /favicon.ico
Error: ENOENT: no such file or directory, open '/media/datos/Proyectos/Dusoft Angular/Duana/node_modules/connect/lib/middleware/../public/favicon.ico'

********************************************************************************************************************************************************************************




================================================================================ ERROR 14:16:15 ================================================================================


URL: /favicon.ico
Error: ENOENT: no such file or directory, open '/media/datos/Proyectos/Dusoft Angular/Duana/node_modules/connect/lib/middleware/../public/favicon.ico'

********************************************************************************************************************************************************************************




================================================================================ ERROR 14:16:16 ================================================================================


URL: /favicon.ico
Error: ENOENT: no such file or directory, open '/media/datos/Proyectos/Dusoft Angular/Duana/node_modules/connect/lib/middleware/../public/favicon.ico'

********************************************************************************************************************************************************************************




================================================================================ ERROR 14:16:16 ================================================================================


URL: /favicon.ico
Error: ENOENT: no such file or directory, open '/media/datos/Proyectos/Dusoft Angular/Duana/node_modules/connect/lib/middleware/../public/favicon.ico'

********************************************************************************************************************************************************************************



