
================================================================================ ERROR 9:49:4 ================================================================================


URL: /api/SincronizarFactura/generarSincronizacionDian
TypeError: Cannot read property 'moduloActual' of undefined

********************************************************************************************************************************************************************************




================================================================================ ERROR 15:15:43 ================================================================================


URL: /api/FacturacionClientes/generarSincronizacionDian
TypeError: Cannot read property 'moduloActual' of undefined

********************************************************************************************************************************************************************************




================================================================================ ERROR 15:15:45 ================================================================================


URL: /api/FacturacionClientes/generarSincronizacionDian
TypeError: Cannot read property 'moduloActual' of undefined

********************************************************************************************************************************************************************************




================================================================================ ERROR 15:52:8 ================================================================================


URL: /api/FacturacionClientes/generarSincronizacionDian
TypeError: Cannot read property 'moduloActual' of undefined

********************************************************************************************************************************************************************************




================================================================================ ERROR 15:55:20 ================================================================================


URL: /api/FacturacionClientes/generarSincronizacionDian
TypeError: Cannot read property 'moduloActual' of undefined

********************************************************************************************************************************************************************************




================================================================================ ERROR 15:55:21 ================================================================================


URL: /api/FacturacionClientes/generarSincronizacionDian
TypeError: Cannot read property 'moduloActual' of undefined

********************************************************************************************************************************************************************************




================================================================================ ERROR 15:55:21 ================================================================================


URL: /api/FacturacionClientes/generarSincronizacionDian
TypeError: Cannot read property 'moduloActual' of undefined

********************************************************************************************************************************************************************************




================================================================================ ERROR 15:55:21 ================================================================================


URL: /api/FacturacionClientes/generarSincronizacionDian
TypeError: Cannot read property 'moduloActual' of undefined

********************************************************************************************************************************************************************************




================================================================================ ERROR 15:55:22 ================================================================================


URL: /api/FacturacionClientes/generarSincronizacionDian
TypeError: Cannot read property 'moduloActual' of undefined

********************************************************************************************************************************************************************************




================================================================================ ERROR 15:55:22 ================================================================================


URL: /api/FacturacionClientes/generarSincronizacionDian
TypeError: Cannot read property 'moduloActual' of undefined

********************************************************************************************************************************************************************************




================================================================================ ERROR 15:58:1 ================================================================================


URL: /api/FacturacionClientes/generarSincronizacionDian
TypeError: Cannot read property 'moduloActual' of undefined

********************************************************************************************************************************************************************************




================================================================================ ERROR 15:58:2 ================================================================================


URL: /api/FacturacionClientes/generarSincronizacionDian
TypeError: Cannot read property 'moduloActual' of undefined

********************************************************************************************************************************************************************************




================================================================================ ERROR 15:58:2 ================================================================================


URL: /api/FacturacionClientes/generarSincronizacionDian
TypeError: Cannot read property 'moduloActual' of undefined

********************************************************************************************************************************************************************************




================================================================================ ERROR 15:58:7 ================================================================================


URL: /api/FacturacionClientes/generarSincronizacionDian
TypeError: Cannot read property 'moduloActual' of undefined

********************************************************************************************************************************************************************************




================================================================================ ERROR 15:58:19 ================================================================================


URL: /api/FacturacionClientes/generarSincronizacionDian
TypeError: Cannot read property 'moduloActual' of undefined

********************************************************************************************************************************************************************************




================================================================================ ERROR 16:57:44 ================================================================================


URL: /api/FacturacionClientes/generarSincronizacionDian
TypeError: Cannot read property 'moduloActual' of undefined

********************************************************************************************************************************************************************************




================================================================================ ERROR 16:57:44 ================================================================================


URL: /api/FacturacionClientes/generarSincronizacionDian
TypeError: Cannot read property 'moduloActual' of undefined

********************************************************************************************************************************************************************************




================================================================================ ERROR 16:57:44 ================================================================================


URL: /api/FacturacionClientes/generarSincronizacionDian
TypeError: Cannot read property 'moduloActual' of undefined

********************************************************************************************************************************************************************************



