0 info it worked if it ends with ok
1 verbose cli [ 'C:\\Program Files\\nodejs\\\\node.exe',
1 verbose cli   'C:\\Program Files\\nodejs\\node_modules\\npm\\bin\\npm-cli.js',
1 verbose cli   'install',
1 verbose cli   'webworker-threads' ]
2 info using npm@1.4.21
3 info using node@v0.10.30
4 verbose node symlink C:\Program Files\nodejs\\node.exe
5 warn package.json intravenous@0.1.4-beta 'repositories' (plural) Not supported. Please pick one as the 'repository' field
6 verbose readDependencies using package.json deps
7 verbose cache add [ 'webworker-threads', null ]
8 verbose cache add name=undefined spec="webworker-threads" args=["webworker-threads",null]
9 verbose parsed url { protocol: null,
9 verbose parsed url   slashes: null,
9 verbose parsed url   auth: null,
9 verbose parsed url   host: null,
9 verbose parsed url   port: null,
9 verbose parsed url   hostname: null,
9 verbose parsed url   hash: null,
9 verbose parsed url   search: null,
9 verbose parsed url   query: null,
9 verbose parsed url   pathname: 'webworker-threads',
9 verbose parsed url   path: 'webworker-threads',
9 verbose parsed url   href: 'webworker-threads' }
10 silly lockFile 8313e9b2-webworker-threads webworker-threads
11 verbose lock webworker-threads C:\Users\alxlopez\AppData\Roaming\npm-cache\8313e9b2-webworker-threads.lock
12 silly lockFile 8313e9b2-webworker-threads webworker-threads
13 silly lockFile 8313e9b2-webworker-threads webworker-threads
14 verbose addNamed [ 'webworker-threads', '' ]
15 verbose addNamed [ null, '*' ]
16 silly lockFile 0e1aa9d7-webworker-threads webworker-threads@
17 verbose lock webworker-threads@ C:\Users\alxlopez\AppData\Roaming\npm-cache\0e1aa9d7-webworker-threads.lock
18 silly addNameRange { name: 'webworker-threads', range: '*', hasData: false }
19 verbose request where is /webworker-threads
20 verbose request registry https://registry.npmjs.org/
21 verbose request id a332483d4654540e
22 verbose url raw /webworker-threads
23 verbose url resolving [ 'https://registry.npmjs.org/', './webworker-threads' ]
24 verbose url resolved https://registry.npmjs.org/webworker-threads
25 verbose request where is https://registry.npmjs.org/webworker-threads
26 info trying registry request attempt 1 at 11:13:20
27 http GET https://registry.npmjs.org/webworker-threads
28 http 200 https://registry.npmjs.org/webworker-threads
29 silly registry.get cb [ 200,
29 silly registry.get   { server: 'CouchDB/1.5.0 (Erlang OTP/R16B03)',
29 silly registry.get     etag: '"1628BPA83WG63N0O2J2BNORYN"',
29 silly registry.get     'content-type': 'application/json',
29 silly registry.get     'cache-control': 'max-age=60',
29 silly registry.get     'content-length': '80298',
29 silly registry.get     'accept-ranges': 'bytes',
29 silly registry.get     date: 'Wed, 03 Jun 2015 16:13:20 GMT',
29 silly registry.get     via: '1.1 varnish',
29 silly registry.get     age: '0',
29 silly registry.get     connection: 'keep-alive',
29 silly registry.get     'x-served-by': 'cache-iad2135-IAD',
29 silly registry.get     'x-cache': 'HIT',
29 silly registry.get     'x-cache-hits': '1',
29 silly registry.get     'x-timer': 'S1433348000.595541,VS0,VE15',
29 silly registry.get     vary: 'Accept' } ]
30 silly addNameRange number 2 { name: 'webworker-threads', range: '*', hasData: true }
31 silly addNameRange versions [ 'webworker-threads',
31 silly addNameRange   [ '0.3.0',
31 silly addNameRange     '0.3.1',
31 silly addNameRange     '0.3.2',
31 silly addNameRange     '0.4.0',
31 silly addNameRange     '0.4.1',
31 silly addNameRange     '0.4.2',
31 silly addNameRange     '0.4.3',
31 silly addNameRange     '0.4.4',
31 silly addNameRange     '0.4.5',
31 silly addNameRange     '0.4.6',
31 silly addNameRange     '0.4.7',
31 silly addNameRange     '0.4.8',
31 silly addNameRange     '0.4.9',
31 silly addNameRange     '0.4.10',
31 silly addNameRange     '0.4.11',
31 silly addNameRange     '0.4.12',
31 silly addNameRange     '0.4.13',
31 silly addNameRange     '0.5.1',
31 silly addNameRange     '0.5.2',
31 silly addNameRange     '0.5.3',
31 silly addNameRange     '0.5.5',
31 silly addNameRange     '0.5.6' ] ]
32 verbose addNamed [ 'webworker-threads', '0.5.6' ]
33 verbose addNamed [ '0.5.6', '0.5.6' ]
34 silly lockFile 368f240d-webworker-threads-0-5-6 webworker-threads@0.5.6
35 verbose lock webworker-threads@0.5.6 C:\Users\alxlopez\AppData\Roaming\npm-cache\368f240d-webworker-threads-0-5-6.lock
36 silly lockFile 37a8200a-eads-webworker-threads-0-5-6-tgz https://registry.npmjs.org/webworker-threads/-/webworker-threads-0.5.6.tgz
37 verbose lock https://registry.npmjs.org/webworker-threads/-/webworker-threads-0.5.6.tgz C:\Users\alxlopez\AppData\Roaming\npm-cache\37a8200a-eads-webworker-threads-0-5-6-tgz.lock
38 verbose addRemoteTarball [ 'https://registry.npmjs.org/webworker-threads/-/webworker-threads-0.5.6.tgz',
38 verbose addRemoteTarball   '89e29b1dc4c738c14d894400550d24f3e12e4bcb' ]
39 info retry fetch attempt 1 at 11:13:21
40 verbose fetch to= C:\Users\alxlopez\AppData\Local\Temp\npm-3852-9nIKU16v\registry.npmjs.org\webworker-threads\-\webworker-threads-0.5.6.tgz
41 http GET https://registry.npmjs.org/webworker-threads/-/webworker-threads-0.5.6.tgz
42 http 200 https://registry.npmjs.org/webworker-threads/-/webworker-threads-0.5.6.tgz
43 silly lockFile 37a8200a-eads-webworker-threads-0-5-6-tgz https://registry.npmjs.org/webworker-threads/-/webworker-threads-0.5.6.tgz
44 silly lockFile 37a8200a-eads-webworker-threads-0-5-6-tgz https://registry.npmjs.org/webworker-threads/-/webworker-threads-0.5.6.tgz
45 silly lockFile 368f240d-webworker-threads-0-5-6 webworker-threads@0.5.6
46 silly lockFile 368f240d-webworker-threads-0-5-6 webworker-threads@0.5.6
47 silly lockFile 0e1aa9d7-webworker-threads webworker-threads@
48 silly lockFile 0e1aa9d7-webworker-threads webworker-threads@
49 silly resolved [ { name: 'webworker-threads',
49 silly resolved     version: '0.5.6',
49 silly resolved     main: 'build/Release/WebWorkerThreads.node',
49 silly resolved     description: 'Lightweight Web Worker API implementation with native threads',
49 silly resolved     keywords: [ 'threads', 'web worker', 'a gogo' ],
49 silly resolved     author: { name: 'Audrey Tang', email: 'audreyt@audreyt.org' },
49 silly resolved     homepage: 'https://github.com/audreyt/node-webworker-threads',
49 silly resolved     bugs:
49 silly resolved      { url: 'http://github.com/audreyt/node-webworker-threads/issues',
49 silly resolved        email: 'audreyt@audreyt.org' },
49 silly resolved     licenses: [ [Object], [Object] ],
49 silly resolved     repository:
49 silly resolved      { type: 'git',
49 silly resolved        url: 'http://github.com/audreyt/node-webworker-threads.git' },
49 silly resolved     scripts:
49 silly resolved      { js: 'env PATH=./node_modules/.bin:"$PATH" lsc -cj package.ls;\ngcc deps/minifier/src/minify.c -o deps/minifier/bin/minify;\nenv PATH=./node_modules/.bin:"$PATH" lsc -cbp src/worker.ls                    > src/worker.js;\n./deps/minifier/bin/minify kWorker_js            < src/worker.js          > src/worker.js.c;\nenv PATH=./node_modules/.bin:"$PATH" lsc -cbp src/events.ls                    > src/events.js;\n./deps/minifier/bin/minify kEvents_js            < src/events.js          > src/events.js.c;\nenv PATH=./node_modules/.bin:"$PATH" lsc -cbp src/createPool.ls                > src/createPool.js;\n./deps/minifier/bin/minify kCreatePool_js        < src/createPool.js      > src/createPool.js.c;\nenv PATH=./node_modules/.bin:"$PATH" lsc -cbp src/thread_nextTick.ls           > src/thread_nextTick.js;\n./deps/minifier/bin/minify kThread_nextTick_js 1 < src/thread_nextTick.js > src/thread_nextTick.js.c;\nenv PATH=./node_modules/.bin:"$PATH" lsc -cbp src/load.ls                      > src/load.js;\n./deps/minifier/bin/minify kLoad_js 1 1          < src/load.js            > src/load.js.c;',
49 silly resolved        install: 'node-gyp rebuild' },
49 silly resolved     dependencies: { nan: '^1.8.4' },
49 silly resolved     devDependencies: { LiveScript: '1.3.x' },
49 silly resolved     gypfile: true,
49 silly resolved     engines: { node: '>= 0.8.0' },
49 silly resolved     contributors: [ [Object], [Object], [Object], [Object] ],
49 silly resolved     _id: 'webworker-threads@0.5.6',
49 silly resolved     _shasum: '89e29b1dc4c738c14d894400550d24f3e12e4bcb',
49 silly resolved     _resolved: 'https://registry.npmjs.org/webworker-threads/-/webworker-threads-0.5.6.tgz',
49 silly resolved     _from: 'webworker-threads@',
49 silly resolved     _npmVersion: '1.4.28',
49 silly resolved     _npmUser: { name: 'au', email: 'audreyt@audreyt.org' },
49 silly resolved     maintainers: [ [Object] ],
49 silly resolved     dist:
49 silly resolved      { shasum: '89e29b1dc4c738c14d894400550d24f3e12e4bcb',
49 silly resolved        tarball: 'http://registry.npmjs.org/webworker-threads/-/webworker-threads-0.5.6.tgz' },
49 silly resolved     directories: {} } ]
50 info install webworker-threads@0.5.6 into C:\Users\alxlopez\Documents\desarrollo_duana\dusoft-server
51 info installOne webworker-threads@0.5.6
52 verbose node_modules\webworker-threads unbuild
53 verbose tar unpack C:\Users\alxlopez\AppData\Roaming\npm-cache\webworker-threads\0.5.6\package.tgz
54 silly lockFile 2f90bc89-r-node-modules-webworker-threads tar://C:\Users\alxlopez\Documents\desarrollo_duana\dusoft-server\node_modules\webworker-threads
55 verbose lock tar://C:\Users\alxlopez\Documents\desarrollo_duana\dusoft-server\node_modules\webworker-threads C:\Users\alxlopez\AppData\Roaming\npm-cache\2f90bc89-r-node-modules-webworker-threads.lock
56 silly lockFile c88bf223-worker-threads-0-5-6-package-tgz tar://C:\Users\alxlopez\AppData\Roaming\npm-cache\webworker-threads\0.5.6\package.tgz
57 verbose lock tar://C:\Users\alxlopez\AppData\Roaming\npm-cache\webworker-threads\0.5.6\package.tgz C:\Users\alxlopez\AppData\Roaming\npm-cache\c88bf223-worker-threads-0-5-6-package-tgz.lock
58 silly gunzTarPerm modes [ '777', '666' ]
59 silly gunzTarPerm extractEntry package.json
60 silly gunzTarPerm modified mode [ 'package.json', 420, 438 ]
61 silly gunzTarPerm extractEntry .npmignore
62 silly gunzTarPerm modified mode [ '.npmignore', 420, 438 ]
63 silly gunzTarPerm extractEntry README.md
64 silly gunzTarPerm modified mode [ 'README.md', 420, 438 ]
65 silly gunzTarPerm extractEntry LICENSE
66 silly gunzTarPerm modified mode [ 'LICENSE', 420, 438 ]
67 silly gunzTarPerm extractEntry test.js
68 silly gunzTarPerm modified mode [ 'test.js', 420, 438 ]
69 silly gunzTarPerm extractEntry TODO.md
70 silly gunzTarPerm modified mode [ 'TODO.md', 420, 438 ]
71 silly gunzTarPerm extractEntry benchmark/b00_fibonacci_server_no_threads.js
72 silly gunzTarPerm modified mode [ 'benchmark/b00_fibonacci_server_no_threads.js', 420, 438 ]
73 silly gunzTarPerm extractEntry benchmark/b01_fibonacci_server_threads.js
74 silly gunzTarPerm modified mode [ 'benchmark/b01_fibonacci_server_threads.js', 420, 438 ]
75 silly gunzTarPerm extractEntry benchmark/b02_fibonacci_server_threads_pool.js
76 silly gunzTarPerm modified mode [ 'benchmark/b02_fibonacci_server_threads_pool.js', 420, 438 ]
77 silly gunzTarPerm extractEntry benchmark/b03_fibonacci_server_clustered.js
78 silly gunzTarPerm modified mode [ 'benchmark/b03_fibonacci_server_clustered.js', 420, 438 ]
79 silly gunzTarPerm extractEntry benchmark/b04_only_quick.js
80 silly gunzTarPerm modified mode [ 'benchmark/b04_only_quick.js', 420, 438 ]
81 silly gunzTarPerm extractEntry benchmark/pi.js
82 silly gunzTarPerm modified mode [ 'benchmark/pi.js', 493, 511 ]
83 silly gunzTarPerm extractEntry benchmark/pi_precompiled.js
84 silly gunzTarPerm modified mode [ 'benchmark/pi_precompiled.js', 420, 438 ]
85 silly gunzTarPerm extractEntry benchmark/doubles.c
86 silly gunzTarPerm modified mode [ 'benchmark/doubles.c', 420, 438 ]
87 silly gunzTarPerm extractEntry benchmark/pi.c
88 silly gunzTarPerm modified mode [ 'benchmark/pi.c', 420, 438 ]
89 silly gunzTarPerm extractEntry benchmark/pi.rb
90 silly gunzTarPerm modified mode [ 'benchmark/pi.rb', 493, 511 ]
91 silly gunzTarPerm extractEntry binding.gyp
92 silly gunzTarPerm modified mode [ 'binding.gyp', 420, 438 ]
93 silly gunzTarPerm extractEntry AUTHORS
94 silly gunzTarPerm modified mode [ 'AUTHORS', 420, 438 ]
95 silly gunzTarPerm extractEntry examples/demo.js
96 silly gunzTarPerm modified mode [ 'examples/demo.js', 420, 438 ]
97 silly gunzTarPerm extractEntry examples/ex03_ping_pong.js
98 silly gunzTarPerm modified mode [ 'examples/ex03_ping_pong.js', 420, 438 ]
99 silly gunzTarPerm extractEntry examples/quickIntro_multiThread.js
100 silly gunzTarPerm modified mode [ 'examples/quickIntro_multiThread.js', 420, 438 ]
101 silly gunzTarPerm extractEntry examples/ex04_main.js
102 silly gunzTarPerm modified mode [ 'examples/ex04_main.js', 420, 438 ]
103 silly gunzTarPerm extractEntry examples/quickIntro_multiThreadEvented.js
104 silly gunzTarPerm modified mode [ 'examples/quickIntro_multiThreadEvented.js', 420, 438 ]
105 silly gunzTarPerm extractEntry examples/ex04_worker.js
106 silly gunzTarPerm modified mode [ 'examples/ex04_worker.js', 420, 438 ]
107 silly gunzTarPerm extractEntry examples/quickIntro_fiveThreads.js
108 silly gunzTarPerm modified mode [ 'examples/quickIntro_fiveThreads.js', 420, 438 ]
109 silly gunzTarPerm extractEntry examples/ex05_pool.js
110 silly gunzTarPerm modified mode [ 'examples/ex05_pool.js', 420, 438 ]
111 silly gunzTarPerm extractEntry examples/quickIntro_evented_childThreadCode.js
112 silly gunzTarPerm modified mode [ 'examples/quickIntro_evented_childThreadCode.js', 420, 438 ]
113 silly gunzTarPerm extractEntry examples/ex01_basic.js
114 silly gunzTarPerm modified mode [ 'examples/ex01_basic.js', 420, 438 ]
115 silly gunzTarPerm extractEntry examples/ex02_events.js
116 silly gunzTarPerm modified mode [ 'examples/ex02_events.js', 420, 438 ]
117 silly gunzTarPerm extractEntry examples/ex06_jason.js
118 silly gunzTarPerm modified mode [ 'examples/ex06_jason.js', 420, 438 ]
119 silly gunzTarPerm extractEntry examples/quickIntro_oneThread.js
120 silly gunzTarPerm modified mode [ 'examples/quickIntro_oneThread.js', 420, 438 ]
121 silly gunzTarPerm extractEntry examples/quickIntro_blocking.js
122 silly gunzTarPerm modified mode [ 'examples/quickIntro_blocking.js', 420, 438 ]
123 silly gunzTarPerm extractEntry examples/quickIntro_loop.js
124 silly gunzTarPerm modified mode [ 'examples/quickIntro_loop.js', 420, 438 ]
125 silly gunzTarPerm extractEntry examples/quickIntro_oneThreadEvented.js
126 silly gunzTarPerm modified mode [ 'examples/quickIntro_oneThreadEvented.js', 420, 438 ]
127 silly gunzTarPerm extractEntry examples/ex06_complex.js
128 silly gunzTarPerm modified mode [ 'examples/ex06_complex.js', 420, 438 ]
129 silly gunzTarPerm extractEntry examples/fiveThreads.ls
130 silly gunzTarPerm modified mode [ 'examples/fiveThreads.ls', 493, 511 ]
131 silly gunzTarPerm extractEntry examples/multiThreadEvented.ls
132 silly gunzTarPerm modified mode [ 'examples/multiThreadEvented.ls', 493, 511 ]
133 silly gunzTarPerm extractEntry examples/ex06_jason.md
134 silly gunzTarPerm modified mode [ 'examples/ex06_jason.md', 420, 438 ]
135 silly gunzTarPerm extractEntry examples/ex05_pool.md
136 silly gunzTarPerm modified mode [ 'examples/ex05_pool.md', 420, 438 ]
137 silly gunzTarPerm extractEntry examples/ex04_worker.md
138 silly gunzTarPerm modified mode [ 'examples/ex04_worker.md', 420, 438 ]
139 silly gunzTarPerm extractEntry examples/ex04_main.md
140 silly gunzTarPerm modified mode [ 'examples/ex04_main.md', 420, 438 ]
141 silly gunzTarPerm extractEntry examples/ex03_ping_pong.md
142 silly gunzTarPerm modified mode [ 'examples/ex03_ping_pong.md', 420, 438 ]
143 silly gunzTarPerm extractEntry examples/ex02_events.md
144 silly gunzTarPerm modified mode [ 'examples/ex02_events.md', 420, 438 ]
145 silly gunzTarPerm extractEntry examples/ex01_basic.md
146 silly gunzTarPerm modified mode [ 'examples/ex01_basic.md', 420, 438 ]
147 silly gunzTarPerm extractEntry test.ls
148 silly gunzTarPerm modified mode [ 'test.ls', 493, 511 ]
149 silly gunzTarPerm extractEntry package.ls
150 silly gunzTarPerm modified mode [ 'package.ls', 493, 511 ]
151 silly gunzTarPerm extractEntry src/load.js
152 silly gunzTarPerm modified mode [ 'src/load.js', 420, 438 ]
153 silly gunzTarPerm extractEntry src/createPool.js
154 silly gunzTarPerm modified mode [ 'src/createPool.js', 420, 438 ]
155 silly gunzTarPerm extractEntry src/events.js
156 silly gunzTarPerm modified mode [ 'src/events.js', 420, 438 ]
157 silly gunzTarPerm extractEntry src/thread_nextTick.js
158 silly gunzTarPerm modified mode [ 'src/thread_nextTick.js', 420, 438 ]
159 silly gunzTarPerm extractEntry src/worker.js
160 silly gunzTarPerm modified mode [ 'src/worker.js', 420, 438 ]
161 silly gunzTarPerm extractEntry src/createPool.ls
162 silly gunzTarPerm modified mode [ 'src/createPool.ls', 420, 438 ]
163 silly gunzTarPerm extractEntry src/bson.h
164 silly gunzTarPerm modified mode [ 'src/bson.h', 420, 438 ]
165 silly gunzTarPerm extractEntry src/events.js.c
166 silly gunzTarPerm modified mode [ 'src/events.js.c', 420, 438 ]
167 silly gunzTarPerm extractEntry src/events.ls
168 silly gunzTarPerm modified mode [ 'src/events.ls', 420, 438 ]
169 silly gunzTarPerm extractEntry src/jslib.cc
170 silly gunzTarPerm modified mode [ 'src/jslib.cc', 420, 438 ]
171 silly gunzTarPerm extractEntry src/bson.cc
172 silly gunzTarPerm modified mode [ 'src/bson.cc', 420, 438 ]
173 silly gunzTarPerm extractEntry src/load.js.c
174 silly gunzTarPerm modified mode [ 'src/load.js.c', 420, 438 ]
175 silly gunzTarPerm extractEntry src/load.ls
176 silly gunzTarPerm modified mode [ 'src/load.ls', 420, 438 ]
177 silly gunzTarPerm extractEntry src/nan_isolate_data_accessor.h
178 silly gunzTarPerm modified mode [ 'src/nan_isolate_data_accessor.h', 420, 438 ]
179 silly gunzTarPerm extractEntry src/queues_a_gogo.cc
180 silly gunzTarPerm modified mode [ 'src/queues_a_gogo.cc', 420, 438 ]
181 silly gunzTarPerm extractEntry src/WebWorkerThreads.cc
182 silly gunzTarPerm modified mode [ 'src/WebWorkerThreads.cc', 420, 438 ]
183 silly gunzTarPerm extractEntry src/thread_nextTick.js.c
184 silly gunzTarPerm modified mode [ 'src/thread_nextTick.js.c', 420, 438 ]
185 silly gunzTarPerm extractEntry src/thread_nextTick.ls
186 silly gunzTarPerm modified mode [ 'src/thread_nextTick.ls', 420, 438 ]
187 silly gunzTarPerm extractEntry src/createPool.js.c
188 silly gunzTarPerm modified mode [ 'src/createPool.js.c', 420, 438 ]
189 silly gunzTarPerm extractEntry src/worker.js.c
190 silly gunzTarPerm modified mode [ 'src/worker.js.c', 420, 438 ]
191 silly gunzTarPerm extractEntry src/worker.ls
192 silly gunzTarPerm modified mode [ 'src/worker.ls', 420, 438 ]
193 silly gunzTarPerm extractEntry test/ab.js
194 silly gunzTarPerm modified mode [ 'test/ab.js', 420, 438 ]
195 silly gunzTarPerm extractEntry test/test11_multi_callbacks.js
196 silly gunzTarPerm modified mode [ 'test/test11_multi_callbacks.js', 420, 438 ]
197 silly gunzTarPerm extractEntry test/test12_precompiled_vs_normal.js
198 silly gunzTarPerm modified mode [ 'test/test12_precompiled_vs_normal.js', 420, 438 ]
199 silly gunzTarPerm extractEntry test/test13_thread_nextTick_speed.js
200 silly gunzTarPerm modified mode [ 'test/test13_thread_nextTick_speed.js', 420, 438 ]
201 silly gunzTarPerm extractEntry test/test10_node_nextTick_speed.js
202 silly gunzTarPerm modified mode [ 'test/test10_node_nextTick_speed.js', 420, 438 ]
203 silly gunzTarPerm extractEntry test/test15_emit_ping_pong.js
204 silly gunzTarPerm modified mode [ 'test/test15_emit_ping_pong.js', 420, 438 ]
205 silly gunzTarPerm extractEntry test/test16_syntax_error_in_the_thread.js
206 silly gunzTarPerm modified mode [ 'test/test16_syntax_error_in_the_thread.js', 420, 438 ]
207 silly gunzTarPerm extractEntry test/test17_pool_pi.js
208 silly gunzTarPerm modified mode [ 'test/test17_pool_pi.js', 420, 438 ]
209 silly gunzTarPerm extractEntry test/test18_pool_any_as_fast_as_possible.js
210 silly gunzTarPerm modified mode [ 'test/test18_pool_any_as_fast_as_possible.js', 420, 438 ]
211 silly gunzTarPerm extractEntry test/test19_pool_emit_any_all.js
212 silly gunzTarPerm modified mode [ 'test/test19_pool_emit_any_all.js', 420, 438 ]
213 silly gunzTarPerm extractEntry test/test09_throw_from_the_callback.js
214 silly gunzTarPerm modified mode [ 'test/test09_throw_from_the_callback.js', 420, 438 ]
215 silly gunzTarPerm extractEntry test/test20_removeAllListeners.js
216 silly gunzTarPerm modified mode [ 'test/test20_removeAllListeners.js', 420, 438 ]
217 silly gunzTarPerm extractEntry test/test08_sigkill_leaks.js
218 silly gunzTarPerm modified mode [ 'test/test08_sigkill_leaks.js', 420, 438 ]
219 silly gunzTarPerm extractEntry test/test21_emit_ping_pong_big_string.js
220 silly gunzTarPerm modified mode [ 'test/test21_emit_ping_pong_big_string.js', 420, 438 ]
221 silly gunzTarPerm extractEntry test/test07_sigkill.js
222 silly gunzTarPerm modified mode [ 'test/test07_sigkill.js', 420, 438 ]
223 silly gunzTarPerm extractEntry test/test22_create_destroy_loop.js
224 silly gunzTarPerm modified mode [ 'test/test22_create_destroy_loop.js', 420, 438 ]
225 silly gunzTarPerm extractEntry test/test06_throw_from_the_thread.js
226 silly gunzTarPerm modified mode [ 'test/test06_throw_from_the_thread.js', 420, 438 ]
227 silly gunzTarPerm extractEntry test/test23_create_destroy_loop.js
228 silly gunzTarPerm modified mode [ 'test/test23_create_destroy_loop.js', 420, 438 ]
229 silly gunzTarPerm extractEntry test/test05_debugLeaksNoCallbacks.js
230 silly gunzTarPerm modified mode [ 'test/test05_debugLeaksNoCallbacks.js', 420, 438 ]
231 silly gunzTarPerm extractEntry test/test24_puts.js
232 silly gunzTarPerm modified mode [ 'test/test24_puts.js', 420, 438 ]
233 silly gunzTarPerm extractEntry test/test04_gc_versus_not_gc.js
234 silly gunzTarPerm modified mode [ 'test/test04_gc_versus_not_gc.js', 420, 438 ]
235 silly gunzTarPerm extractEntry test/test25_delete_puts.js
236 silly gunzTarPerm modified mode [ 'test/test25_delete_puts.js', 420, 438 ]
237 silly gunzTarPerm extractEntry test/test03_infiniteLoopFunction.js
238 silly gunzTarPerm modified mode [ 'test/test03_infiniteLoopFunction.js', 420, 438 ]
239 silly gunzTarPerm extractEntry test/test26_puts_with_many_args.js
240 silly gunzTarPerm modified mode [ 'test/test26_puts_with_many_args.js', 420, 438 ]
241 silly gunzTarPerm extractEntry test/test02_loop_as_fast_as_possible.js
242 silly gunzTarPerm modified mode [ 'test/test02_loop_as_fast_as_possible.js', 420, 438 ]
243 silly gunzTarPerm extractEntry test/test27_puts_event_loop.js
244 silly gunzTarPerm modified mode [ 'test/test27_puts_event_loop.js', 420, 438 ]
245 silly gunzTarPerm extractEntry test/test01_loop_as_fast_as_possible.js
246 silly gunzTarPerm modified mode [ 'test/test01_loop_as_fast_as_possible.js', 420, 438 ]
247 silly gunzTarPerm extractEntry test/test28_puts_nextTick_loop.js
248 silly gunzTarPerm modified mode [ 'test/test28_puts_nextTick_loop.js', 420, 438 ]
249 silly gunzTarPerm extractEntry test/test00_run_once_and_destroy.js
250 silly gunzTarPerm modified mode [ 'test/test00_run_once_and_destroy.js', 420, 438 ]
251 silly gunzTarPerm extractEntry test/test29_puts_callback_loop.js
252 silly gunzTarPerm modified mode [ 'test/test29_puts_callback_loop.js', 420, 438 ]
253 silly gunzTarPerm extractEntry test/test14_emit_once.js
254 silly gunzTarPerm modified mode [ 'test/test14_emit_once.js', 420, 438 ]
255 silly gunzTarPerm extractEntry CHANGES.md
256 silly gunzTarPerm modified mode [ 'CHANGES.md', 420, 438 ]
257 silly gunzTarPerm extractEntry deps/minifier/bin/minify
258 silly gunzTarPerm modified mode [ 'deps/minifier/bin/minify', 493, 511 ]
259 silly gunzTarPerm extractEntry deps/minifier/src/minify.c
260 silly gunzTarPerm modified mode [ 'deps/minifier/src/minify.c', 420, 438 ]
261 silly gunzTarPerm extractEntry deps/minifier/src/test
262 silly gunzTarPerm modified mode [ 'deps/minifier/src/test', 493, 511 ]
263 silly gunzTarPerm extractEntry deps/minifier/src/test.include.c
264 silly gunzTarPerm modified mode [ 'deps/minifier/src/test.include.c', 420, 438 ]
265 silly gunzTarPerm extractEntry deps/minifier/src/test_minifier.c
266 silly gunzTarPerm modified mode [ 'deps/minifier/src/test_minifier.c', 420, 438 ]
267 silly lockFile 2f90bc89-r-node-modules-webworker-threads tar://C:\Users\alxlopez\Documents\desarrollo_duana\dusoft-server\node_modules\webworker-threads
268 silly lockFile 2f90bc89-r-node-modules-webworker-threads tar://C:\Users\alxlopez\Documents\desarrollo_duana\dusoft-server\node_modules\webworker-threads
269 silly lockFile c88bf223-worker-threads-0-5-6-package-tgz tar://C:\Users\alxlopez\AppData\Roaming\npm-cache\webworker-threads\0.5.6\package.tgz
270 silly lockFile c88bf223-worker-threads-0-5-6-package-tgz tar://C:\Users\alxlopez\AppData\Roaming\npm-cache\webworker-threads\0.5.6\package.tgz
271 info preinstall webworker-threads@0.5.6
272 verbose readDependencies using package.json deps
273 verbose readDependencies using package.json deps
274 verbose cache add [ 'nan@^1.8.4', null ]
275 verbose cache add name=undefined spec="nan@^1.8.4" args=["nan@^1.8.4",null]
276 verbose parsed url { protocol: null,
276 verbose parsed url   slashes: null,
276 verbose parsed url   auth: null,
276 verbose parsed url   host: null,
276 verbose parsed url   port: null,
276 verbose parsed url   hostname: null,
276 verbose parsed url   hash: null,
276 verbose parsed url   search: null,
276 verbose parsed url   query: null,
276 verbose parsed url   pathname: 'nan@^1.8.4',
276 verbose parsed url   path: 'nan@^1.8.4',
276 verbose parsed url   href: 'nan@^1.8.4' }
277 verbose cache add name="nan" spec="^1.8.4" args=["nan","^1.8.4"]
278 verbose parsed url { protocol: null,
278 verbose parsed url   slashes: null,
278 verbose parsed url   auth: null,
278 verbose parsed url   host: null,
278 verbose parsed url   port: null,
278 verbose parsed url   hostname: null,
278 verbose parsed url   hash: null,
278 verbose parsed url   search: null,
278 verbose parsed url   query: null,
278 verbose parsed url   pathname: '^1.8.4',
278 verbose parsed url   path: '^1.8.4',
278 verbose parsed url   href: '^1.8.4' }
279 verbose addNamed [ 'nan', '^1.8.4' ]
280 verbose addNamed [ null, '>=1.8.4-0 <2.0.0-0' ]
281 silly lockFile 94591c88-nan-1-8-4 nan@^1.8.4
282 verbose lock nan@^1.8.4 C:\Users\alxlopez\AppData\Roaming\npm-cache\94591c88-nan-1-8-4.lock
283 silly addNameRange { name: 'nan', range: '>=1.8.4-0 <2.0.0-0', hasData: false }
284 verbose request where is /nan
285 verbose request registry https://registry.npmjs.org/
286 verbose url raw /nan
287 verbose url resolving [ 'https://registry.npmjs.org/', './nan' ]
288 verbose url resolved https://registry.npmjs.org/nan
289 verbose request where is https://registry.npmjs.org/nan
290 info trying registry request attempt 1 at 11:13:22
291 verbose etag "BASL4AHUZL2X9BYWJN23MGK84"
292 http GET https://registry.npmjs.org/nan
293 http 200 https://registry.npmjs.org/nan
294 silly registry.get cb [ 200,
294 silly registry.get   { server: 'CouchDB/1.5.0 (Erlang OTP/R16B03)',
294 silly registry.get     etag: '"9D70CGL7I2GVSPGK48NI768U9"',
294 silly registry.get     'content-type': 'application/json',
294 silly registry.get     'cache-control': 'max-age=60',
294 silly registry.get     'content-length': '109590',
294 silly registry.get     'accept-ranges': 'bytes',
294 silly registry.get     date: 'Wed, 03 Jun 2015 16:13:22 GMT',
294 silly registry.get     via: '1.1 varnish',
294 silly registry.get     age: '1',
294 silly registry.get     connection: 'keep-alive',
294 silly registry.get     'x-served-by': 'cache-atl6221-ATL',
294 silly registry.get     'x-cache': 'HIT',
294 silly registry.get     'x-cache-hits': '1',
294 silly registry.get     'x-timer': 'S1433348002.936559,VS0,VE2',
294 silly registry.get     vary: 'Accept' } ]
295 silly addNameRange number 2 { name: 'nan', range: '>=1.8.4-0 <2.0.0-0', hasData: true }
296 silly addNameRange versions [ 'nan',
296 silly addNameRange   [ '0.3.0-wip',
296 silly addNameRange     '0.3.0-wip2',
296 silly addNameRange     '0.3.0',
296 silly addNameRange     '0.3.1',
296 silly addNameRange     '0.3.2',
296 silly addNameRange     '0.4.0',
296 silly addNameRange     '0.4.1',
296 silly addNameRange     '0.4.2',
296 silly addNameRange     '0.4.3',
296 silly addNameRange     '0.4.4',
296 silly addNameRange     '0.5.0',
296 silly addNameRange     '0.5.1',
296 silly addNameRange     '0.5.2',
296 silly addNameRange     '0.6.0',
296 silly addNameRange     '0.7.0',
296 silly addNameRange     '0.7.1',
296 silly addNameRange     '0.8.0',
296 silly addNameRange     '1.0.0',
296 silly addNameRange     '1.1.0',
296 silly addNameRange     '1.1.1',
296 silly addNameRange     '1.1.2',
296 silly addNameRange     '1.2.0',
296 silly addNameRange     '1.3.0',
296 silly addNameRange     '1.4.0',
296 silly addNameRange     '1.4.1',
296 silly addNameRange     '1.5.0',
296 silly addNameRange     '1.4.2',
296 silly addNameRange     '1.4.3',
296 silly addNameRange     '1.5.1',
296 silly addNameRange     '1.5.2',
296 silly addNameRange     '1.6.0',
296 silly addNameRange     '1.5.3',
296 silly addNameRange     '1.6.1',
296 silly addNameRange     '1.6.2',
296 silly addNameRange     '1.7.0',
296 silly addNameRange     '1.8.0',
296 silly addNameRange     '1.8.1',
296 silly addNameRange     '1.8.2',
296 silly addNameRange     '1.8.3',
296 silly addNameRange     '1.8.4' ] ]
297 verbose addNamed [ 'nan', '1.8.4' ]
298 verbose addNamed [ '1.8.4', '1.8.4' ]
299 silly lockFile 86d5700b-nan-1-8-4 nan@1.8.4
300 verbose lock nan@1.8.4 C:\Users\alxlopez\AppData\Roaming\npm-cache\86d5700b-nan-1-8-4.lock
301 silly lockFile bc48e6eb-stry-npmjs-org-nan-nan-1-8-4-tgz https://registry.npmjs.org/nan/-/nan-1.8.4.tgz
302 verbose lock https://registry.npmjs.org/nan/-/nan-1.8.4.tgz C:\Users\alxlopez\AppData\Roaming\npm-cache\bc48e6eb-stry-npmjs-org-nan-nan-1-8-4-tgz.lock
303 verbose addRemoteTarball [ 'https://registry.npmjs.org/nan/-/nan-1.8.4.tgz',
303 verbose addRemoteTarball   '3c76b5382eab33e44b758d2813ca9d92e9342f34' ]
304 info retry fetch attempt 1 at 11:13:24
305 verbose fetch to= C:\Users\alxlopez\AppData\Local\Temp\npm-3852-9nIKU16v\registry.npmjs.org\nan\-\nan-1.8.4.tgz
306 http GET https://registry.npmjs.org/nan/-/nan-1.8.4.tgz
307 http 200 https://registry.npmjs.org/nan/-/nan-1.8.4.tgz
308 silly lockFile bc48e6eb-stry-npmjs-org-nan-nan-1-8-4-tgz https://registry.npmjs.org/nan/-/nan-1.8.4.tgz
309 silly lockFile bc48e6eb-stry-npmjs-org-nan-nan-1-8-4-tgz https://registry.npmjs.org/nan/-/nan-1.8.4.tgz
310 silly lockFile 86d5700b-nan-1-8-4 nan@1.8.4
311 silly lockFile 86d5700b-nan-1-8-4 nan@1.8.4
312 silly lockFile 94591c88-nan-1-8-4 nan@^1.8.4
313 silly lockFile 94591c88-nan-1-8-4 nan@^1.8.4
314 silly resolved [ { name: 'nan',
314 silly resolved     version: '1.8.4',
314 silly resolved     description: 'Native Abstractions for Node.js: C++ header for Node 0.8->0.12 compatibility',
314 silly resolved     main: 'include_dirs.js',
314 silly resolved     repository: { type: 'git', url: 'git://github.com/iojs/nan.git' },
314 silly resolved     scripts:
314 silly resolved      { test: 'tap --gc test/js/*-test.js',
314 silly resolved        'rebuild-tests': 'pangyp rebuild --directory test' },
314 silly resolved     contributors:
314 silly resolved      [ [Object],
314 silly resolved        [Object],
314 silly resolved        [Object],
314 silly resolved        [Object],
314 silly resolved        [Object],
314 silly resolved        [Object],
314 silly resolved        [Object] ],
314 silly resolved     devDependencies:
314 silly resolved      { bindings: '~1.2.1',
314 silly resolved        'node-gyp': '~1.0.2',
314 silly resolved        pangyp: '~2.0.1',
314 silly resolved        tap: '~0.7.1',
314 silly resolved        xtend: '~4.0.0' },
314 silly resolved     license: 'MIT',
314 silly resolved     gitHead: 'ed3bbf4ced0cf7937b4e4164766797f71aa97f3d',
314 silly resolved     bugs: { url: 'https://github.com/iojs/nan/issues' },
314 silly resolved     homepage: 'https://github.com/iojs/nan#readme',
314 silly resolved     _id: 'nan@1.8.4',
314 silly resolved     _shasum: '3c76b5382eab33e44b758d2813ca9d92e9342f34',
314 silly resolved     _from: 'nan@^1.8.4',
314 silly resolved     _npmVersion: '2.8.3',
314 silly resolved     _nodeVersion: '0.12.2',
314 silly resolved     _npmUser: { name: 'kkoopa', email: 'bbyholm@abo.fi' },
314 silly resolved     maintainers: [ [Object], [Object] ],
314 silly resolved     dist:
314 silly resolved      { shasum: '3c76b5382eab33e44b758d2813ca9d92e9342f34',
314 silly resolved        tarball: 'http://registry.npmjs.org/nan/-/nan-1.8.4.tgz' },
314 silly resolved     directories: {},
314 silly resolved     _resolved: 'https://registry.npmjs.org/nan/-/nan-1.8.4.tgz' } ]
315 info install nan@1.8.4 into C:\Users\alxlopez\Documents\desarrollo_duana\dusoft-server\node_modules\webworker-threads
316 info installOne nan@1.8.4
317 verbose node_modules\webworker-threads\node_modules\nan unbuild
318 verbose tar unpack C:\Users\alxlopez\AppData\Roaming\npm-cache\nan\1.8.4\package.tgz
319 silly lockFile 57b61a21-bworker-threads-node-modules-nan tar://C:\Users\alxlopez\Documents\desarrollo_duana\dusoft-server\node_modules\webworker-threads\node_modules\nan
320 verbose lock tar://C:\Users\alxlopez\Documents\desarrollo_duana\dusoft-server\node_modules\webworker-threads\node_modules\nan C:\Users\alxlopez\AppData\Roaming\npm-cache\57b61a21-bworker-threads-node-modules-nan.lock
321 silly lockFile 26f4e92a--npm-cache-nan-1-8-4-package-tgz tar://C:\Users\alxlopez\AppData\Roaming\npm-cache\nan\1.8.4\package.tgz
322 verbose lock tar://C:\Users\alxlopez\AppData\Roaming\npm-cache\nan\1.8.4\package.tgz C:\Users\alxlopez\AppData\Roaming\npm-cache\26f4e92a--npm-cache-nan-1-8-4-package-tgz.lock
323 silly gunzTarPerm modes [ '777', '666' ]
324 silly gunzTarPerm extractEntry package.json
325 silly gunzTarPerm modified mode [ 'package.json', 436, 438 ]
326 silly gunzTarPerm extractEntry README.md
327 silly gunzTarPerm modified mode [ 'README.md', 436, 438 ]
328 silly gunzTarPerm extractEntry include_dirs.js
329 silly gunzTarPerm modified mode [ 'include_dirs.js', 436, 438 ]
330 silly gunzTarPerm extractEntry LICENSE.md
331 silly gunzTarPerm modified mode [ 'LICENSE.md', 436, 438 ]
332 silly gunzTarPerm extractEntry .dntrc
333 silly gunzTarPerm modified mode [ '.dntrc', 436, 438 ]
334 silly gunzTarPerm extractEntry appveyor.yml
335 silly gunzTarPerm modified mode [ 'appveyor.yml', 436, 438 ]
336 silly gunzTarPerm extractEntry nan.h
337 silly gunzTarPerm modified mode [ 'nan.h', 436, 438 ]
338 silly gunzTarPerm extractEntry nan_implementation_12_inl.h
339 silly gunzTarPerm modified mode [ 'nan_implementation_12_inl.h', 436, 438 ]
340 silly gunzTarPerm extractEntry nan_implementation_pre_12_inl.h
341 silly gunzTarPerm modified mode [ 'nan_implementation_pre_12_inl.h', 436, 438 ]
342 silly gunzTarPerm extractEntry nan_new.h
343 silly gunzTarPerm modified mode [ 'nan_new.h', 436, 438 ]
344 silly gunzTarPerm extractEntry nan_string_bytes.h
345 silly gunzTarPerm modified mode [ 'nan_string_bytes.h', 436, 438 ]
346 silly gunzTarPerm extractEntry CHANGELOG.md
347 silly gunzTarPerm modified mode [ 'CHANGELOG.md', 436, 438 ]
348 silly lockFile 57b61a21-bworker-threads-node-modules-nan tar://C:\Users\alxlopez\Documents\desarrollo_duana\dusoft-server\node_modules\webworker-threads\node_modules\nan
349 silly lockFile 57b61a21-bworker-threads-node-modules-nan tar://C:\Users\alxlopez\Documents\desarrollo_duana\dusoft-server\node_modules\webworker-threads\node_modules\nan
350 silly lockFile 26f4e92a--npm-cache-nan-1-8-4-package-tgz tar://C:\Users\alxlopez\AppData\Roaming\npm-cache\nan\1.8.4\package.tgz
351 silly lockFile 26f4e92a--npm-cache-nan-1-8-4-package-tgz tar://C:\Users\alxlopez\AppData\Roaming\npm-cache\nan\1.8.4\package.tgz
352 info preinstall nan@1.8.4
353 verbose readDependencies using package.json deps
354 verbose readDependencies using package.json deps
355 silly resolved []
356 verbose about to build C:\Users\alxlopez\Documents\desarrollo_duana\dusoft-server\node_modules\webworker-threads\node_modules\nan
357 info build C:\Users\alxlopez\Documents\desarrollo_duana\dusoft-server\node_modules\webworker-threads\node_modules\nan
358 verbose linkStuff [ false,
358 verbose linkStuff   false,
358 verbose linkStuff   false,
358 verbose linkStuff   'C:\\Users\\alxlopez\\Documents\\desarrollo_duana\\dusoft-server\\node_modules\\webworker-threads\\node_modules' ]
359 info linkStuff nan@1.8.4
360 verbose linkBins nan@1.8.4
361 verbose linkMans nan@1.8.4
362 verbose rebuildBundles nan@1.8.4
363 info install nan@1.8.4
364 info postinstall nan@1.8.4
365 verbose about to build C:\Users\alxlopez\Documents\desarrollo_duana\dusoft-server\node_modules\webworker-threads
366 info build C:\Users\alxlopez\Documents\desarrollo_duana\dusoft-server\node_modules\webworker-threads
367 verbose linkStuff [ false,
367 verbose linkStuff   false,
367 verbose linkStuff   false,
367 verbose linkStuff   'C:\\Users\\alxlopez\\Documents\\desarrollo_duana\\dusoft-server\\node_modules' ]
368 info linkStuff webworker-threads@0.5.6
369 verbose linkBins webworker-threads@0.5.6
370 verbose linkMans webworker-threads@0.5.6
371 verbose rebuildBundles webworker-threads@0.5.6
372 verbose rebuildBundles [ 'nan' ]
373 info install webworker-threads@0.5.6
374 verbose unsafe-perm in lifecycle true
375 info webworker-threads@0.5.6 Failed to exec install script
376 verbose node_modules\webworker-threads unbuild
377 info preuninstall webworker-threads@0.5.6
378 info uninstall webworker-threads@0.5.6
379 verbose true,C:\Users\alxlopez\Documents\desarrollo_duana\dusoft-server\node_modules,C:\Users\alxlopez\Documents\desarrollo_duana\dusoft-server\node_modules unbuild webworker-threads@0.5.6
380 info postuninstall webworker-threads@0.5.6
381 error webworker-threads@0.5.6 install: `node-gyp rebuild`
381 error Exit status 1
382 error Failed at the webworker-threads@0.5.6 install script.
382 error This is most likely a problem with the webworker-threads package,
382 error not with npm itself.
382 error Tell the author that this fails on your system:
382 error     node-gyp rebuild
382 error You can get their info via:
382 error     npm owner ls webworker-threads
382 error There is likely additional logging output above.
383 error System Windows_NT 6.2.9200
384 error command "C:\\Program Files\\nodejs\\\\node.exe" "C:\\Program Files\\nodejs\\node_modules\\npm\\bin\\npm-cli.js" "install" "webworker-threads"
385 error cwd C:\Users\alxlopez\Documents\desarrollo_duana\dusoft-server
386 error node -v v0.10.30
387 error npm -v 1.4.21
388 error code ELIFECYCLE
389 verbose exit [ 1, true ]
