2014-12-05T13:51:58.093Z - error: Error during processing request: http://localhost:4000/api/report?studio=normal details: Cannot read property 'template' of undefined TypeError: Cannot read property 'template' of undefined
    at f:\docseduar\projects\DusoftServer\dusoft-server\node_modules\jsreport\extension\express\lib\routes.js:76:32
    at callbacks (f:\docseduar\projects\DusoftServer\dusoft-server\node_modules\express\lib\router\index.js:164:37)
    at param (f:\docseduar\projects\DusoftServer\dusoft-server\node_modules\express\lib\router\index.js:138:11)
    at pass (f:\docseduar\projects\DusoftServer\dusoft-server\node_modules\express\lib\router\index.js:145:5)
    at Router._dispatch (f:\docseduar\projects\DusoftServer\dusoft-server\node_modules\express\lib\router\index.js:173:5)
    at Object.router (f:\docseduar\projects\DusoftServer\dusoft-server\node_modules\express\lib\router\index.js:33:10)
    at next (f:\docseduar\projects\DusoftServer\dusoft-server\node_modules\express\node_modules\connect\lib\proto.js:193:15)
    at Object.expressInit [as handle] (f:\docseduar\projects\DusoftServer\dusoft-server\node_modules\express\lib\middleware.js:30:5)
    at next (f:\docseduar\projects\DusoftServer\dusoft-server\node_modules\express\node_modules\connect\lib\proto.js:193:15)
    at Object.query [as handle] (f:\docseduar\projects\DusoftServer\dusoft-server\node_modules\express\node_modules\connect\lib\middleware\query.js:45:5)
2014-12-05T13:52:15.917Z - error: Error during processing request: http://localhost:4000/api/report?studio=normal details: Cannot read property 'template' of undefined TypeError: Cannot read property 'template' of undefined
    at f:\docseduar\projects\DusoftServer\dusoft-server\node_modules\jsreport\extension\express\lib\routes.js:76:32
    at callbacks (f:\docseduar\projects\DusoftServer\dusoft-server\node_modules\express\lib\router\index.js:164:37)
    at param (f:\docseduar\projects\DusoftServer\dusoft-server\node_modules\express\lib\router\index.js:138:11)
    at pass (f:\docseduar\projects\DusoftServer\dusoft-server\node_modules\express\lib\router\index.js:145:5)
    at Router._dispatch (f:\docseduar\projects\DusoftServer\dusoft-server\node_modules\express\lib\router\index.js:173:5)
    at Object.router (f:\docseduar\projects\DusoftServer\dusoft-server\node_modules\express\lib\router\index.js:33:10)
    at next (f:\docseduar\projects\DusoftServer\dusoft-server\node_modules\express\node_modules\connect\lib\proto.js:193:15)
    at Object.expressInit [as handle] (f:\docseduar\projects\DusoftServer\dusoft-server\node_modules\express\lib\middleware.js:30:5)
    at next (f:\docseduar\projects\DusoftServer\dusoft-server\node_modules\express\node_modules\connect\lib\proto.js:193:15)
    at Object.query [as handle] (f:\docseduar\projects\DusoftServer\dusoft-server\node_modules\express\node_modules\connect\lib\middleware\query.js:45:5)
2014-12-05T13:53:51.798Z - error: Error during processing request: http://localhost:3003/api/report?studio=normal details: Cannot read property 'template' of undefined TypeError: Cannot read property 'template' of undefined
    at f:\docseduar\projects\DusoftServer\dusoft-server\node_modules\jsreport\extension\express\lib\routes.js:76:32
    at callbacks (f:\docseduar\projects\DusoftServer\dusoft-server\node_modules\express\lib\router\index.js:164:37)
    at param (f:\docseduar\projects\DusoftServer\dusoft-server\node_modules\express\lib\router\index.js:138:11)
    at pass (f:\docseduar\projects\DusoftServer\dusoft-server\node_modules\express\lib\router\index.js:145:5)
    at Router._dispatch (f:\docseduar\projects\DusoftServer\dusoft-server\node_modules\express\lib\router\index.js:173:5)
    at Object.router (f:\docseduar\projects\DusoftServer\dusoft-server\node_modules\express\lib\router\index.js:33:10)
    at next (f:\docseduar\projects\DusoftServer\dusoft-server\node_modules\express\node_modules\connect\lib\proto.js:193:15)
    at Object.expressInit [as handle] (f:\docseduar\projects\DusoftServer\dusoft-server\node_modules\express\lib\middleware.js:30:5)
    at next (f:\docseduar\projects\DusoftServer\dusoft-server\node_modules\express\node_modules\connect\lib\proto.js:193:15)
    at Object.query [as handle] (f:\docseduar\projects\DusoftServer\dusoft-server\node_modules\express\node_modules\connect\lib\middleware\query.js:45:5)
2014-12-05T13:54:37.797Z - error: Error during processing request: http://localhost:3003/api/report?studio=normal details: Cannot read property 'template' of undefined TypeError: Cannot read property 'template' of undefined
    at f:\docseduar\projects\DusoftServer\dusoft-server\node_modules\jsreport\extension\express\lib\routes.js:76:32
    at callbacks (f:\docseduar\projects\DusoftServer\dusoft-server\node_modules\express\lib\router\index.js:164:37)
    at param (f:\docseduar\projects\DusoftServer\dusoft-server\node_modules\express\lib\router\index.js:138:11)
    at pass (f:\docseduar\projects\DusoftServer\dusoft-server\node_modules\express\lib\router\index.js:145:5)
    at Router._dispatch (f:\docseduar\projects\DusoftServer\dusoft-server\node_modules\express\lib\router\index.js:173:5)
    at Object.router (f:\docseduar\projects\DusoftServer\dusoft-server\node_modules\express\lib\router\index.js:33:10)
    at next (f:\docseduar\projects\DusoftServer\dusoft-server\node_modules\express\node_modules\connect\lib\proto.js:193:15)
    at Object.expressInit [as handle] (f:\docseduar\projects\DusoftServer\dusoft-server\node_modules\express\lib\middleware.js:30:5)
    at next (f:\docseduar\projects\DusoftServer\dusoft-server\node_modules\express\node_modules\connect\lib\proto.js:193:15)
    at Object.query [as handle] (f:\docseduar\projects\DusoftServer\dusoft-server\node_modules\express\node_modules\connect\lib\middleware\query.js:45:5)
2014-12-05T13:55:31.117Z - error: Error during processing request: http://localhost:3003/api/report?studio=normal details: Cannot read property 'template' of undefined TypeError: Cannot read property 'template' of undefined
    at f:\docseduar\projects\DusoftServer\dusoft-server\node_modules\jsreport\extension\express\lib\routes.js:76:32
    at callbacks (f:\docseduar\projects\DusoftServer\dusoft-server\node_modules\express\lib\router\index.js:164:37)
    at param (f:\docseduar\projects\DusoftServer\dusoft-server\node_modules\express\lib\router\index.js:138:11)
    at pass (f:\docseduar\projects\DusoftServer\dusoft-server\node_modules\express\lib\router\index.js:145:5)
    at Router._dispatch (f:\docseduar\projects\DusoftServer\dusoft-server\node_modules\express\lib\router\index.js:173:5)
    at Object.router (f:\docseduar\projects\DusoftServer\dusoft-server\node_modules\express\lib\router\index.js:33:10)
    at next (f:\docseduar\projects\DusoftServer\dusoft-server\node_modules\express\node_modules\connect\lib\proto.js:193:15)
    at Object.expressInit [as handle] (f:\docseduar\projects\DusoftServer\dusoft-server\node_modules\express\lib\middleware.js:30:5)
    at next (f:\docseduar\projects\DusoftServer\dusoft-server\node_modules\express\node_modules\connect\lib\proto.js:193:15)
    at Object.query [as handle] (f:\docseduar\projects\DusoftServer\dusoft-server\node_modules\express\node_modules\connect\lib\middleware\query.js:45:5)
2014-12-05T13:56:37.973Z - error: Error during processing request: http://localhost:3003/api/report?studio=normal details: Cannot read property 'template' of undefined TypeError: Cannot read property 'template' of undefined
    at f:\docseduar\projects\DusoftServer\dusoft-server\node_modules\jsreport\extension\express\lib\routes.js:76:32
    at callbacks (f:\docseduar\projects\DusoftServer\dusoft-server\node_modules\express\lib\router\index.js:164:37)
    at param (f:\docseduar\projects\DusoftServer\dusoft-server\node_modules\express\lib\router\index.js:138:11)
    at pass (f:\docseduar\projects\DusoftServer\dusoft-server\node_modules\express\lib\router\index.js:145:5)
    at Router._dispatch (f:\docseduar\projects\DusoftServer\dusoft-server\node_modules\express\lib\router\index.js:173:5)
    at Object.router (f:\docseduar\projects\DusoftServer\dusoft-server\node_modules\express\lib\router\index.js:33:10)
    at next (f:\docseduar\projects\DusoftServer\dusoft-server\node_modules\express\node_modules\connect\lib\proto.js:193:15)
    at Object.expressInit [as handle] (f:\docseduar\projects\DusoftServer\dusoft-server\node_modules\express\lib\middleware.js:30:5)
    at next (f:\docseduar\projects\DusoftServer\dusoft-server\node_modules\express\node_modules\connect\lib\proto.js:193:15)
    at Object.query [as handle] (f:\docseduar\projects\DusoftServer\dusoft-server\node_modules\express\node_modules\connect\lib\middleware\query.js:45:5)
2014-12-05T14:03:51.594Z - error: Error during processing request: http://localhost:3003/api/report?studio=normal details: Cannot read property 'template' of undefined TypeError: Cannot read property 'template' of undefined
    at f:\docseduar\projects\DusoftServer\dusoft-server\node_modules\jsreport\extension\express\lib\routes.js:76:32
    at callbacks (f:\docseduar\projects\DusoftServer\dusoft-server\node_modules\express\lib\router\index.js:164:37)
    at param (f:\docseduar\projects\DusoftServer\dusoft-server\node_modules\express\lib\router\index.js:138:11)
    at pass (f:\docseduar\projects\DusoftServer\dusoft-server\node_modules\express\lib\router\index.js:145:5)
    at Router._dispatch (f:\docseduar\projects\DusoftServer\dusoft-server\node_modules\express\lib\router\index.js:173:5)
    at Object.router (f:\docseduar\projects\DusoftServer\dusoft-server\node_modules\express\lib\router\index.js:33:10)
    at next (f:\docseduar\projects\DusoftServer\dusoft-server\node_modules\express\node_modules\connect\lib\proto.js:193:15)
    at Object.expressInit [as handle] (f:\docseduar\projects\DusoftServer\dusoft-server\node_modules\express\lib\middleware.js:30:5)
    at next (f:\docseduar\projects\DusoftServer\dusoft-server\node_modules\express\node_modules\connect\lib\proto.js:193:15)
    at Object.query [as handle] (f:\docseduar\projects\DusoftServer\dusoft-server\node_modules\express\node_modules\connect\lib\middleware\query.js:45:5)
2014-12-05T14:05:17.294Z - error: Error during processing request: http://localhost:3003/api/report?studio=normal details: Cannot read property 'template' of undefined TypeError: Cannot read property 'template' of undefined
    at f:\docseduar\projects\DusoftServer\dusoft-server\node_modules\jsreport\extension\express\lib\routes.js:76:32
    at callbacks (f:\docseduar\projects\DusoftServer\dusoft-server\node_modules\express\lib\router\index.js:164:37)
    at param (f:\docseduar\projects\DusoftServer\dusoft-server\node_modules\express\lib\router\index.js:138:11)
    at pass (f:\docseduar\projects\DusoftServer\dusoft-server\node_modules\express\lib\router\index.js:145:5)
    at Router._dispatch (f:\docseduar\projects\DusoftServer\dusoft-server\node_modules\express\lib\router\index.js:173:5)
    at Object.router (f:\docseduar\projects\DusoftServer\dusoft-server\node_modules\express\lib\router\index.js:33:10)
    at next (f:\docseduar\projects\DusoftServer\dusoft-server\node_modules\express\node_modules\connect\lib\proto.js:193:15)
    at Object.expressInit [as handle] (f:\docseduar\projects\DusoftServer\dusoft-server\node_modules\express\lib\middleware.js:30:5)
    at next (f:\docseduar\projects\DusoftServer\dusoft-server\node_modules\express\node_modules\connect\lib\proto.js:193:15)
    at Object.query [as handle] (f:\docseduar\projects\DusoftServer\dusoft-server\node_modules\express\node_modules\connect\lib\middleware\query.js:45:5)
2014-12-05T22:06:39.770Z - error: Error during processing request: http://localhost:3003/api/report?studio=normal details: Cannot read property 'template' of undefined TypeError: Cannot read property 'template' of undefined
    at f:\docseduar\projects\DusoftServer\dusoft-server\node_modules\jsreport\extension\express\lib\routes.js:76:32
    at callbacks (f:\docseduar\projects\DusoftServer\dusoft-server\node_modules\express\lib\router\index.js:164:37)
    at param (f:\docseduar\projects\DusoftServer\dusoft-server\node_modules\express\lib\router\index.js:138:11)
    at pass (f:\docseduar\projects\DusoftServer\dusoft-server\node_modules\express\lib\router\index.js:145:5)
    at Router._dispatch (f:\docseduar\projects\DusoftServer\dusoft-server\node_modules\express\lib\router\index.js:173:5)
    at Object.router (f:\docseduar\projects\DusoftServer\dusoft-server\node_modules\express\lib\router\index.js:33:10)
    at next (f:\docseduar\projects\DusoftServer\dusoft-server\node_modules\express\node_modules\connect\lib\proto.js:193:15)
    at Object.expressInit [as handle] (f:\docseduar\projects\DusoftServer\dusoft-server\node_modules\express\lib\middleware.js:30:5)
    at next (f:\docseduar\projects\DusoftServer\dusoft-server\node_modules\express\node_modules\connect\lib\proto.js:193:15)
    at Object.query [as handle] (f:\docseduar\projects\DusoftServer\dusoft-server\node_modules\express\node_modules\connect\lib\middleware\query.js:45:5)
2014-12-05T22:06:42.650Z - error: Error during processing request: http://localhost:3003/api/report?studio=normal details: Cannot read property 'template' of undefined TypeError: Cannot read property 'template' of undefined
    at f:\docseduar\projects\DusoftServer\dusoft-server\node_modules\jsreport\extension\express\lib\routes.js:76:32
    at callbacks (f:\docseduar\projects\DusoftServer\dusoft-server\node_modules\express\lib\router\index.js:164:37)
    at param (f:\docseduar\projects\DusoftServer\dusoft-server\node_modules\express\lib\router\index.js:138:11)
    at pass (f:\docseduar\projects\DusoftServer\dusoft-server\node_modules\express\lib\router\index.js:145:5)
    at Router._dispatch (f:\docseduar\projects\DusoftServer\dusoft-server\node_modules\express\lib\router\index.js:173:5)
    at Object.router (f:\docseduar\projects\DusoftServer\dusoft-server\node_modules\express\lib\router\index.js:33:10)
    at next (f:\docseduar\projects\DusoftServer\dusoft-server\node_modules\express\node_modules\connect\lib\proto.js:193:15)
    at Object.expressInit [as handle] (f:\docseduar\projects\DusoftServer\dusoft-server\node_modules\express\lib\middleware.js:30:5)
    at next (f:\docseduar\projects\DusoftServer\dusoft-server\node_modules\express\node_modules\connect\lib\proto.js:193:15)
    at Object.query [as handle] (f:\docseduar\projects\DusoftServer\dusoft-server\node_modules\express\node_modules\connect\lib\middleware\query.js:45:5)
2014-12-05T22:06:43.754Z - error: Error during processing request: http://localhost:3003/api/report?studio=normal details: Cannot read property 'template' of undefined TypeError: Cannot read property 'template' of undefined
    at f:\docseduar\projects\DusoftServer\dusoft-server\node_modules\jsreport\extension\express\lib\routes.js:76:32
    at callbacks (f:\docseduar\projects\DusoftServer\dusoft-server\node_modules\express\lib\router\index.js:164:37)
    at param (f:\docseduar\projects\DusoftServer\dusoft-server\node_modules\express\lib\router\index.js:138:11)
    at pass (f:\docseduar\projects\DusoftServer\dusoft-server\node_modules\express\lib\router\index.js:145:5)
    at Router._dispatch (f:\docseduar\projects\DusoftServer\dusoft-server\node_modules\express\lib\router\index.js:173:5)
    at Object.router (f:\docseduar\projects\DusoftServer\dusoft-server\node_modules\express\lib\router\index.js:33:10)
    at next (f:\docseduar\projects\DusoftServer\dusoft-server\node_modules\express\node_modules\connect\lib\proto.js:193:15)
    at Object.expressInit [as handle] (f:\docseduar\projects\DusoftServer\dusoft-server\node_modules\express\lib\middleware.js:30:5)
    at next (f:\docseduar\projects\DusoftServer\dusoft-server\node_modules\express\node_modules\connect\lib\proto.js:193:15)
    at Object.query [as handle] (f:\docseduar\projects\DusoftServer\dusoft-server\node_modules\express\node_modules\connect\lib\middleware\query.js:45:5)
2014-12-05T22:06:44.148Z - error: Error during processing request: http://localhost:3003/api/report?studio=normal details: Cannot read property 'template' of undefined TypeError: Cannot read property 'template' of undefined
    at f:\docseduar\projects\DusoftServer\dusoft-server\node_modules\jsreport\extension\express\lib\routes.js:76:32
    at callbacks (f:\docseduar\projects\DusoftServer\dusoft-server\node_modules\express\lib\router\index.js:164:37)
    at param (f:\docseduar\projects\DusoftServer\dusoft-server\node_modules\express\lib\router\index.js:138:11)
    at pass (f:\docseduar\projects\DusoftServer\dusoft-server\node_modules\express\lib\router\index.js:145:5)
    at Router._dispatch (f:\docseduar\projects\DusoftServer\dusoft-server\node_modules\express\lib\router\index.js:173:5)
    at Object.router (f:\docseduar\projects\DusoftServer\dusoft-server\node_modules\express\lib\router\index.js:33:10)
    at next (f:\docseduar\projects\DusoftServer\dusoft-server\node_modules\express\node_modules\connect\lib\proto.js:193:15)
    at Object.expressInit [as handle] (f:\docseduar\projects\DusoftServer\dusoft-server\node_modules\express\lib\middleware.js:30:5)
    at next (f:\docseduar\projects\DusoftServer\dusoft-server\node_modules\express\node_modules\connect\lib\proto.js:193:15)
    at Object.query [as handle] (f:\docseduar\projects\DusoftServer\dusoft-server\node_modules\express\node_modules\connect\lib\middleware\query.js:45:5)
2014-12-05T22:06:44.366Z - error: Error during processing request: http://localhost:3003/api/report?studio=normal details: Cannot read property 'template' of undefined TypeError: Cannot read property 'template' of undefined
    at f:\docseduar\projects\DusoftServer\dusoft-server\node_modules\jsreport\extension\express\lib\routes.js:76:32
    at callbacks (f:\docseduar\projects\DusoftServer\dusoft-server\node_modules\express\lib\router\index.js:164:37)
    at param (f:\docseduar\projects\DusoftServer\dusoft-server\node_modules\express\lib\router\index.js:138:11)
    at pass (f:\docseduar\projects\DusoftServer\dusoft-server\node_modules\express\lib\router\index.js:145:5)
    at Router._dispatch (f:\docseduar\projects\DusoftServer\dusoft-server\node_modules\express\lib\router\index.js:173:5)
    at Object.router (f:\docseduar\projects\DusoftServer\dusoft-server\node_modules\express\lib\router\index.js:33:10)
    at next (f:\docseduar\projects\DusoftServer\dusoft-server\node_modules\express\node_modules\connect\lib\proto.js:193:15)
    at Object.expressInit [as handle] (f:\docseduar\projects\DusoftServer\dusoft-server\node_modules\express\lib\middleware.js:30:5)
    at next (f:\docseduar\projects\DusoftServer\dusoft-server\node_modules\express\node_modules\connect\lib\proto.js:193:15)
    at Object.query [as handle] (f:\docseduar\projects\DusoftServer\dusoft-server\node_modules\express\node_modules\connect\lib\middleware\query.js:45:5)
2014-12-05T22:06:44.573Z - error: Error during processing request: http://localhost:3003/api/report?studio=normal details: Cannot read property 'template' of undefined TypeError: Cannot read property 'template' of undefined
    at f:\docseduar\projects\DusoftServer\dusoft-server\node_modules\jsreport\extension\express\lib\routes.js:76:32
    at callbacks (f:\docseduar\projects\DusoftServer\dusoft-server\node_modules\express\lib\router\index.js:164:37)
    at param (f:\docseduar\projects\DusoftServer\dusoft-server\node_modules\express\lib\router\index.js:138:11)
    at pass (f:\docseduar\projects\DusoftServer\dusoft-server\node_modules\express\lib\router\index.js:145:5)
    at Router._dispatch (f:\docseduar\projects\DusoftServer\dusoft-server\node_modules\express\lib\router\index.js:173:5)
    at Object.router (f:\docseduar\projects\DusoftServer\dusoft-server\node_modules\express\lib\router\index.js:33:10)
    at next (f:\docseduar\projects\DusoftServer\dusoft-server\node_modules\express\node_modules\connect\lib\proto.js:193:15)
    at Object.expressInit [as handle] (f:\docseduar\projects\DusoftServer\dusoft-server\node_modules\express\lib\middleware.js:30:5)
    at next (f:\docseduar\projects\DusoftServer\dusoft-server\node_modules\express\node_modules\connect\lib\proto.js:193:15)
    at Object.query [as handle] (f:\docseduar\projects\DusoftServer\dusoft-server\node_modules\express\node_modules\connect\lib\middleware\query.js:45:5)
2014-12-05T22:06:44.768Z - error: Error during processing request: http://localhost:3003/api/report?studio=normal details: Cannot read property 'template' of undefined TypeError: Cannot read property 'template' of undefined
    at f:\docseduar\projects\DusoftServer\dusoft-server\node_modules\jsreport\extension\express\lib\routes.js:76:32
    at callbacks (f:\docseduar\projects\DusoftServer\dusoft-server\node_modules\express\lib\router\index.js:164:37)
    at param (f:\docseduar\projects\DusoftServer\dusoft-server\node_modules\express\lib\router\index.js:138:11)
    at pass (f:\docseduar\projects\DusoftServer\dusoft-server\node_modules\express\lib\router\index.js:145:5)
    at Router._dispatch (f:\docseduar\projects\DusoftServer\dusoft-server\node_modules\express\lib\router\index.js:173:5)
    at Object.router (f:\docseduar\projects\DusoftServer\dusoft-server\node_modules\express\lib\router\index.js:33:10)
    at next (f:\docseduar\projects\DusoftServer\dusoft-server\node_modules\express\node_modules\connect\lib\proto.js:193:15)
    at Object.expressInit [as handle] (f:\docseduar\projects\DusoftServer\dusoft-server\node_modules\express\lib\middleware.js:30:5)
    at next (f:\docseduar\projects\DusoftServer\dusoft-server\node_modules\express\node_modules\connect\lib\proto.js:193:15)
    at Object.query [as handle] (f:\docseduar\projects\DusoftServer\dusoft-server\node_modules\express\node_modules\connect\lib\middleware\query.js:45:5)
2014-12-05T22:06:44.936Z - error: Error during processing request: http://localhost:3003/api/report?studio=normal details: Cannot read property 'template' of undefined TypeError: Cannot read property 'template' of undefined
    at f:\docseduar\projects\DusoftServer\dusoft-server\node_modules\jsreport\extension\express\lib\routes.js:76:32
    at callbacks (f:\docseduar\projects\DusoftServer\dusoft-server\node_modules\express\lib\router\index.js:164:37)
    at param (f:\docseduar\projects\DusoftServer\dusoft-server\node_modules\express\lib\router\index.js:138:11)
    at pass (f:\docseduar\projects\DusoftServer\dusoft-server\node_modules\express\lib\router\index.js:145:5)
    at Router._dispatch (f:\docseduar\projects\DusoftServer\dusoft-server\node_modules\express\lib\router\index.js:173:5)
    at Object.router (f:\docseduar\projects\DusoftServer\dusoft-server\node_modules\express\lib\router\index.js:33:10)
    at next (f:\docseduar\projects\DusoftServer\dusoft-server\node_modules\express\node_modules\connect\lib\proto.js:193:15)
    at Object.expressInit [as handle] (f:\docseduar\projects\DusoftServer\dusoft-server\node_modules\express\lib\middleware.js:30:5)
    at next (f:\docseduar\projects\DusoftServer\dusoft-server\node_modules\express\node_modules\connect\lib\proto.js:193:15)
    at Object.query [as handle] (f:\docseduar\projects\DusoftServer\dusoft-server\node_modules\express\node_modules\connect\lib\middleware\query.js:45:5)
2014-12-05T22:06:45.067Z - error: Error during processing request: http://localhost:3003/api/report?studio=normal details: Cannot read property 'template' of undefined TypeError: Cannot read property 'template' of undefined
    at f:\docseduar\projects\DusoftServer\dusoft-server\node_modules\jsreport\extension\express\lib\routes.js:76:32
    at callbacks (f:\docseduar\projects\DusoftServer\dusoft-server\node_modules\express\lib\router\index.js:164:37)
    at param (f:\docseduar\projects\DusoftServer\dusoft-server\node_modules\express\lib\router\index.js:138:11)
    at pass (f:\docseduar\projects\DusoftServer\dusoft-server\node_modules\express\lib\router\index.js:145:5)
    at Router._dispatch (f:\docseduar\projects\DusoftServer\dusoft-server\node_modules\express\lib\router\index.js:173:5)
    at Object.router (f:\docseduar\projects\DusoftServer\dusoft-server\node_modules\express\lib\router\index.js:33:10)
    at next (f:\docseduar\projects\DusoftServer\dusoft-server\node_modules\express\node_modules\connect\lib\proto.js:193:15)
    at Object.expressInit [as handle] (f:\docseduar\projects\DusoftServer\dusoft-server\node_modules\express\lib\middleware.js:30:5)
    at next (f:\docseduar\projects\DusoftServer\dusoft-server\node_modules\express\node_modules\connect\lib\proto.js:193:15)
    at Object.query [as handle] (f:\docseduar\projects\DusoftServer\dusoft-server\node_modules\express\node_modules\connect\lib\middleware\query.js:45:5)
2014-12-05T22:06:45.215Z - error: Error during processing request: http://localhost:3003/api/report?studio=normal details: Cannot read property 'template' of undefined TypeError: Cannot read property 'template' of undefined
    at f:\docseduar\projects\DusoftServer\dusoft-server\node_modules\jsreport\extension\express\lib\routes.js:76:32
    at callbacks (f:\docseduar\projects\DusoftServer\dusoft-server\node_modules\express\lib\router\index.js:164:37)
    at param (f:\docseduar\projects\DusoftServer\dusoft-server\node_modules\express\lib\router\index.js:138:11)
    at pass (f:\docseduar\projects\DusoftServer\dusoft-server\node_modules\express\lib\router\index.js:145:5)
    at Router._dispatch (f:\docseduar\projects\DusoftServer\dusoft-server\node_modules\express\lib\router\index.js:173:5)
    at Object.router (f:\docseduar\projects\DusoftServer\dusoft-server\node_modules\express\lib\router\index.js:33:10)
    at next (f:\docseduar\projects\DusoftServer\dusoft-server\node_modules\express\node_modules\connect\lib\proto.js:193:15)
    at Object.expressInit [as handle] (f:\docseduar\projects\DusoftServer\dusoft-server\node_modules\express\lib\middleware.js:30:5)
    at next (f:\docseduar\projects\DusoftServer\dusoft-server\node_modules\express\node_modules\connect\lib\proto.js:193:15)
    at Object.query [as handle] (f:\docseduar\projects\DusoftServer\dusoft-server\node_modules\express\node_modules\connect\lib\middleware\query.js:45:5)
2014-12-05T22:06:45.349Z - error: Error during processing request: http://localhost:3003/api/report?studio=normal details: Cannot read property 'template' of undefined TypeError: Cannot read property 'template' of undefined
    at f:\docseduar\projects\DusoftServer\dusoft-server\node_modules\jsreport\extension\express\lib\routes.js:76:32
    at callbacks (f:\docseduar\projects\DusoftServer\dusoft-server\node_modules\express\lib\router\index.js:164:37)
    at param (f:\docseduar\projects\DusoftServer\dusoft-server\node_modules\express\lib\router\index.js:138:11)
    at pass (f:\docseduar\projects\DusoftServer\dusoft-server\node_modules\express\lib\router\index.js:145:5)
    at Router._dispatch (f:\docseduar\projects\DusoftServer\dusoft-server\node_modules\express\lib\router\index.js:173:5)
    at Object.router (f:\docseduar\projects\DusoftServer\dusoft-server\node_modules\express\lib\router\index.js:33:10)
    at next (f:\docseduar\projects\DusoftServer\dusoft-server\node_modules\express\node_modules\connect\lib\proto.js:193:15)
    at Object.expressInit [as handle] (f:\docseduar\projects\DusoftServer\dusoft-server\node_modules\express\lib\middleware.js:30:5)
    at next (f:\docseduar\projects\DusoftServer\dusoft-server\node_modules\express\node_modules\connect\lib\proto.js:193:15)
    at Object.query [as handle] (f:\docseduar\projects\DusoftServer\dusoft-server\node_modules\express\node_modules\connect\lib\middleware\query.js:45:5)
2014-12-05T22:06:45.468Z - error: Error during processing request: http://localhost:3003/api/report?studio=normal details: Cannot read property 'template' of undefined TypeError: Cannot read property 'template' of undefined
    at f:\docseduar\projects\DusoftServer\dusoft-server\node_modules\jsreport\extension\express\lib\routes.js:76:32
    at callbacks (f:\docseduar\projects\DusoftServer\dusoft-server\node_modules\express\lib\router\index.js:164:37)
    at param (f:\docseduar\projects\DusoftServer\dusoft-server\node_modules\express\lib\router\index.js:138:11)
    at pass (f:\docseduar\projects\DusoftServer\dusoft-server\node_modules\express\lib\router\index.js:145:5)
    at Router._dispatch (f:\docseduar\projects\DusoftServer\dusoft-server\node_modules\express\lib\router\index.js:173:5)
    at Object.router (f:\docseduar\projects\DusoftServer\dusoft-server\node_modules\express\lib\router\index.js:33:10)
    at next (f:\docseduar\projects\DusoftServer\dusoft-server\node_modules\express\node_modules\connect\lib\proto.js:193:15)
    at Object.expressInit [as handle] (f:\docseduar\projects\DusoftServer\dusoft-server\node_modules\express\lib\middleware.js:30:5)
    at next (f:\docseduar\projects\DusoftServer\dusoft-server\node_modules\express\node_modules\connect\lib\proto.js:193:15)
    at Object.query [as handle] (f:\docseduar\projects\DusoftServer\dusoft-server\node_modules\express\node_modules\connect\lib\middleware\query.js:45:5)
2014-12-05T22:06:45.648Z - error: Error during processing request: http://localhost:3003/api/report?studio=normal details: Cannot read property 'template' of undefined TypeError: Cannot read property 'template' of undefined
    at f:\docseduar\projects\DusoftServer\dusoft-server\node_modules\jsreport\extension\express\lib\routes.js:76:32
    at callbacks (f:\docseduar\projects\DusoftServer\dusoft-server\node_modules\express\lib\router\index.js:164:37)
    at param (f:\docseduar\projects\DusoftServer\dusoft-server\node_modules\express\lib\router\index.js:138:11)
    at pass (f:\docseduar\projects\DusoftServer\dusoft-server\node_modules\express\lib\router\index.js:145:5)
    at Router._dispatch (f:\docseduar\projects\DusoftServer\dusoft-server\node_modules\express\lib\router\index.js:173:5)
    at Object.router (f:\docseduar\projects\DusoftServer\dusoft-server\node_modules\express\lib\router\index.js:33:10)
    at next (f:\docseduar\projects\DusoftServer\dusoft-server\node_modules\express\node_modules\connect\lib\proto.js:193:15)
    at Object.expressInit [as handle] (f:\docseduar\projects\DusoftServer\dusoft-server\node_modules\express\lib\middleware.js:30:5)
    at next (f:\docseduar\projects\DusoftServer\dusoft-server\node_modules\express\node_modules\connect\lib\proto.js:193:15)
    at Object.query [as handle] (f:\docseduar\projects\DusoftServer\dusoft-server\node_modules\express\node_modules\connect\lib\middleware\query.js:45:5)
2014-12-05T22:06:45.797Z - error: Error during processing request: http://localhost:3003/api/report?studio=normal details: Cannot read property 'template' of undefined TypeError: Cannot read property 'template' of undefined
    at f:\docseduar\projects\DusoftServer\dusoft-server\node_modules\jsreport\extension\express\lib\routes.js:76:32
    at callbacks (f:\docseduar\projects\DusoftServer\dusoft-server\node_modules\express\lib\router\index.js:164:37)
    at param (f:\docseduar\projects\DusoftServer\dusoft-server\node_modules\express\lib\router\index.js:138:11)
    at pass (f:\docseduar\projects\DusoftServer\dusoft-server\node_modules\express\lib\router\index.js:145:5)
    at Router._dispatch (f:\docseduar\projects\DusoftServer\dusoft-server\node_modules\express\lib\router\index.js:173:5)
    at Object.router (f:\docseduar\projects\DusoftServer\dusoft-server\node_modules\express\lib\router\index.js:33:10)
    at next (f:\docseduar\projects\DusoftServer\dusoft-server\node_modules\express\node_modules\connect\lib\proto.js:193:15)
    at Object.expressInit [as handle] (f:\docseduar\projects\DusoftServer\dusoft-server\node_modules\express\lib\middleware.js:30:5)
    at next (f:\docseduar\projects\DusoftServer\dusoft-server\node_modules\express\node_modules\connect\lib\proto.js:193:15)
    at Object.query [as handle] (f:\docseduar\projects\DusoftServer\dusoft-server\node_modules\express\node_modules\connect\lib\middleware\query.js:45:5)
