2014-12-05T13:50:35.442Z - info: Searching for available extensions in f:\docseduar\projects\DusoftServer\dusoft-server\
2014-12-05T13:50:36.144Z - info: Found 21 extensions
2014-12-05T13:50:36.160Z - info: Using extension express
2014-12-05T13:50:36.176Z - info: Using extension authentication
2014-12-05T13:50:36.176Z - info: Using extension excel-parser
2014-12-05T13:50:36.176Z - info: Using extension fop-pdf
2014-12-05T13:50:36.176Z - info: Using extension html
2014-12-05T13:50:36.176Z - info: Using extension xlsx
2014-12-05T13:50:36.176Z - info: Using extension client-html
2014-12-05T13:50:36.176Z - info: Using extension templates
2014-12-05T13:50:36.176Z - info: Using extension data
2014-12-05T13:50:36.176Z - info: Using extension html-to-xlsx
2014-12-05T13:50:36.176Z - info: Using extension childTemplates
2014-12-05T13:50:36.176Z - info: Using extension images
2014-12-05T13:50:36.191Z - info: Using extension phantom-pdf
2014-12-05T13:50:36.191Z - info: Using extension reports
2014-12-05T13:50:36.191Z - info: Using extension text
2014-12-05T13:50:36.191Z - info: Using extension scripts
2014-12-05T13:50:36.191Z - info: Using extension statistics
2014-12-05T13:50:36.191Z - info: Using extension sample-template
2014-12-05T13:50:36.191Z - info: Using extension sharepoint
2014-12-05T13:50:36.191Z - info: Using extension embedding
2014-12-05T13:50:36.191Z - info: Using extension authorization
2014-12-05T13:50:36.802Z - info: Extensions loaded.
2014-12-05T13:50:36.817Z - info: Creating default express app.
2014-12-05T13:50:36.817Z - info: jsreport server successfully started on http port: 4000
2014-12-05T13:50:36.989Z - info: reporter initialized
2014-12-05T13:51:17.173Z - info: Searching for available extensions in f:\docseduar\projects\DusoftServer\dusoft-server\
2014-12-05T13:51:17.891Z - info: Found 21 extensions
2014-12-05T13:51:17.906Z - info: Using extension authentication
2014-12-05T13:51:17.906Z - info: Using extension express
2014-12-05T13:51:17.906Z - info: Using extension templates
2014-12-05T13:51:17.906Z - info: Using extension html
2014-12-05T13:51:17.906Z - info: Using extension fop-pdf
2014-12-05T13:51:17.906Z - info: Using extension client-html
2014-12-05T13:51:17.906Z - info: Using extension excel-parser
2014-12-05T13:51:17.922Z - info: Using extension xlsx
2014-12-05T13:51:17.922Z - info: Using extension childTemplates
2014-12-05T13:51:17.922Z - info: Using extension images
2014-12-05T13:51:17.922Z - info: Using extension phantom-pdf
2014-12-05T13:51:17.922Z - info: Using extension reports
2014-12-05T13:51:17.922Z - info: Using extension html-to-xlsx
2014-12-05T13:51:17.922Z - info: Using extension data
2014-12-05T13:51:17.922Z - info: Using extension text
2014-12-05T13:51:17.922Z - info: Using extension scripts
2014-12-05T13:51:17.922Z - info: Using extension statistics
2014-12-05T13:51:17.922Z - info: Using extension sample-template
2014-12-05T13:51:17.937Z - info: Using extension sharepoint
2014-12-05T13:51:17.937Z - info: Using extension embedding
2014-12-05T13:51:17.937Z - info: Using extension authorization
2014-12-05T13:51:18.405Z - info: Extensions loaded.
2014-12-05T13:51:18.405Z - info: Creating default express app.
2014-12-05T13:51:18.452Z - info: jsreport server successfully started on http port: 4000
2014-12-05T13:51:18.499Z - info: reporter initialized
2014-12-05T13:51:58.092Z - error: Error during processing request: http://localhost:4000/api/report?studio=normal details: Cannot read property 'template' of undefined TypeError: Cannot read property 'template' of undefined
    at f:\docseduar\projects\DusoftServer\dusoft-server\node_modules\jsreport\extension\express\lib\routes.js:76:32
    at callbacks (f:\docseduar\projects\DusoftServer\dusoft-server\node_modules\express\lib\router\index.js:164:37)
    at param (f:\docseduar\projects\DusoftServer\dusoft-server\node_modules\express\lib\router\index.js:138:11)
    at pass (f:\docseduar\projects\DusoftServer\dusoft-server\node_modules\express\lib\router\index.js:145:5)
    at Router._dispatch (f:\docseduar\projects\DusoftServer\dusoft-server\node_modules\express\lib\router\index.js:173:5)
    at Object.router (f:\docseduar\projects\DusoftServer\dusoft-server\node_modules\express\lib\router\index.js:33:10)
    at next (f:\docseduar\projects\DusoftServer\dusoft-server\node_modules\express\node_modules\connect\lib\proto.js:193:15)
    at Object.expressInit [as handle] (f:\docseduar\projects\DusoftServer\dusoft-server\node_modules\express\lib\middleware.js:30:5)
    at next (f:\docseduar\projects\DusoftServer\dusoft-server\node_modules\express\node_modules\connect\lib\proto.js:193:15)
    at Object.query [as handle] (f:\docseduar\projects\DusoftServer\dusoft-server\node_modules\express\node_modules\connect\lib\middleware\query.js:45:5)
2014-12-05T13:52:15.917Z - error: Error during processing request: http://localhost:4000/api/report?studio=normal details: Cannot read property 'template' of undefined TypeError: Cannot read property 'template' of undefined
    at f:\docseduar\projects\DusoftServer\dusoft-server\node_modules\jsreport\extension\express\lib\routes.js:76:32
    at callbacks (f:\docseduar\projects\DusoftServer\dusoft-server\node_modules\express\lib\router\index.js:164:37)
    at param (f:\docseduar\projects\DusoftServer\dusoft-server\node_modules\express\lib\router\index.js:138:11)
    at pass (f:\docseduar\projects\DusoftServer\dusoft-server\node_modules\express\lib\router\index.js:145:5)
    at Router._dispatch (f:\docseduar\projects\DusoftServer\dusoft-server\node_modules\express\lib\router\index.js:173:5)
    at Object.router (f:\docseduar\projects\DusoftServer\dusoft-server\node_modules\express\lib\router\index.js:33:10)
    at next (f:\docseduar\projects\DusoftServer\dusoft-server\node_modules\express\node_modules\connect\lib\proto.js:193:15)
    at Object.expressInit [as handle] (f:\docseduar\projects\DusoftServer\dusoft-server\node_modules\express\lib\middleware.js:30:5)
    at next (f:\docseduar\projects\DusoftServer\dusoft-server\node_modules\express\node_modules\connect\lib\proto.js:193:15)
    at Object.query [as handle] (f:\docseduar\projects\DusoftServer\dusoft-server\node_modules\express\node_modules\connect\lib\middleware\query.js:45:5)
2014-12-05T13:52:55.939Z - info: Searching for available extensions in f:\docseduar\projects\DusoftServer\dusoft-server\
2014-12-05T13:52:56.713Z - info: Found 21 extensions
2014-12-05T13:52:56.727Z - info: Using extension excel-parser
2014-12-05T13:52:56.729Z - info: Using extension xlsx
2014-12-05T13:52:56.730Z - info: Using extension html-to-xlsx
2014-12-05T13:52:56.732Z - info: Using extension express
2014-12-05T13:52:56.733Z - info: Using extension templates
2014-12-05T13:52:56.734Z - info: Using extension html
2014-12-05T13:52:56.735Z - info: Using extension phantom-pdf
2014-12-05T13:52:56.737Z - info: Using extension scripts
2014-12-05T13:52:56.738Z - info: Using extension data
2014-12-05T13:52:56.740Z - info: Using extension images
2014-12-05T13:52:56.741Z - info: Using extension statistics
2014-12-05T13:52:56.742Z - info: Using extension reports
2014-12-05T13:52:56.745Z - info: Using extension childTemplates
2014-12-05T13:52:56.746Z - info: Using extension sample-template
2014-12-05T13:52:57.223Z - info: Extensions loaded.
2014-12-05T13:52:57.235Z - info: Creating default express app.
2014-12-05T13:52:57.247Z - info: jsreport server successfully started on http port: 4000
2014-12-05T13:52:57.331Z - info: reporter initialized
2014-12-05T13:53:30.357Z - info: Searching for available extensions in f:\docseduar\projects\DusoftServer\dusoft-server\
2014-12-05T13:53:31.147Z - info: Found 21 extensions
2014-12-05T13:53:31.162Z - info: Using extension excel-parser
2014-12-05T13:53:31.164Z - info: Using extension xlsx
2014-12-05T13:53:31.165Z - info: Using extension html-to-xlsx
2014-12-05T13:53:31.166Z - info: Using extension express
2014-12-05T13:53:31.168Z - info: Using extension templates
2014-12-05T13:53:31.169Z - info: Using extension html
2014-12-05T13:53:31.170Z - info: Using extension phantom-pdf
2014-12-05T13:53:31.173Z - info: Using extension scripts
2014-12-05T13:53:31.174Z - info: Using extension data
2014-12-05T13:53:31.175Z - info: Using extension images
2014-12-05T13:53:31.177Z - info: Using extension statistics
2014-12-05T13:53:31.178Z - info: Using extension reports
2014-12-05T13:53:31.180Z - info: Using extension childTemplates
2014-12-05T13:53:31.181Z - info: Using extension sample-template
2014-12-05T13:53:31.636Z - info: Extensions loaded.
2014-12-05T13:53:31.643Z - info: Creating default express app.
2014-12-05T13:53:31.666Z - info: jsreport server successfully started on http port: 3003
2014-12-05T13:53:31.705Z - info: reporter initialized
2014-12-05T13:53:51.796Z - error: Error during processing request: http://localhost:3003/api/report?studio=normal details: Cannot read property 'template' of undefined TypeError: Cannot read property 'template' of undefined
    at f:\docseduar\projects\DusoftServer\dusoft-server\node_modules\jsreport\extension\express\lib\routes.js:76:32
    at callbacks (f:\docseduar\projects\DusoftServer\dusoft-server\node_modules\express\lib\router\index.js:164:37)
    at param (f:\docseduar\projects\DusoftServer\dusoft-server\node_modules\express\lib\router\index.js:138:11)
    at pass (f:\docseduar\projects\DusoftServer\dusoft-server\node_modules\express\lib\router\index.js:145:5)
    at Router._dispatch (f:\docseduar\projects\DusoftServer\dusoft-server\node_modules\express\lib\router\index.js:173:5)
    at Object.router (f:\docseduar\projects\DusoftServer\dusoft-server\node_modules\express\lib\router\index.js:33:10)
    at next (f:\docseduar\projects\DusoftServer\dusoft-server\node_modules\express\node_modules\connect\lib\proto.js:193:15)
    at Object.expressInit [as handle] (f:\docseduar\projects\DusoftServer\dusoft-server\node_modules\express\lib\middleware.js:30:5)
    at next (f:\docseduar\projects\DusoftServer\dusoft-server\node_modules\express\node_modules\connect\lib\proto.js:193:15)
    at Object.query [as handle] (f:\docseduar\projects\DusoftServer\dusoft-server\node_modules\express\node_modules\connect\lib\middleware\query.js:45:5)
2014-12-05T13:54:37.797Z - error: Error during processing request: http://localhost:3003/api/report?studio=normal details: Cannot read property 'template' of undefined TypeError: Cannot read property 'template' of undefined
    at f:\docseduar\projects\DusoftServer\dusoft-server\node_modules\jsreport\extension\express\lib\routes.js:76:32
    at callbacks (f:\docseduar\projects\DusoftServer\dusoft-server\node_modules\express\lib\router\index.js:164:37)
    at param (f:\docseduar\projects\DusoftServer\dusoft-server\node_modules\express\lib\router\index.js:138:11)
    at pass (f:\docseduar\projects\DusoftServer\dusoft-server\node_modules\express\lib\router\index.js:145:5)
    at Router._dispatch (f:\docseduar\projects\DusoftServer\dusoft-server\node_modules\express\lib\router\index.js:173:5)
    at Object.router (f:\docseduar\projects\DusoftServer\dusoft-server\node_modules\express\lib\router\index.js:33:10)
    at next (f:\docseduar\projects\DusoftServer\dusoft-server\node_modules\express\node_modules\connect\lib\proto.js:193:15)
    at Object.expressInit [as handle] (f:\docseduar\projects\DusoftServer\dusoft-server\node_modules\express\lib\middleware.js:30:5)
    at next (f:\docseduar\projects\DusoftServer\dusoft-server\node_modules\express\node_modules\connect\lib\proto.js:193:15)
    at Object.query [as handle] (f:\docseduar\projects\DusoftServer\dusoft-server\node_modules\express\node_modules\connect\lib\middleware\query.js:45:5)
2014-12-05T13:55:31.117Z - error: Error during processing request: http://localhost:3003/api/report?studio=normal details: Cannot read property 'template' of undefined TypeError: Cannot read property 'template' of undefined
    at f:\docseduar\projects\DusoftServer\dusoft-server\node_modules\jsreport\extension\express\lib\routes.js:76:32
    at callbacks (f:\docseduar\projects\DusoftServer\dusoft-server\node_modules\express\lib\router\index.js:164:37)
    at param (f:\docseduar\projects\DusoftServer\dusoft-server\node_modules\express\lib\router\index.js:138:11)
    at pass (f:\docseduar\projects\DusoftServer\dusoft-server\node_modules\express\lib\router\index.js:145:5)
    at Router._dispatch (f:\docseduar\projects\DusoftServer\dusoft-server\node_modules\express\lib\router\index.js:173:5)
    at Object.router (f:\docseduar\projects\DusoftServer\dusoft-server\node_modules\express\lib\router\index.js:33:10)
    at next (f:\docseduar\projects\DusoftServer\dusoft-server\node_modules\express\node_modules\connect\lib\proto.js:193:15)
    at Object.expressInit [as handle] (f:\docseduar\projects\DusoftServer\dusoft-server\node_modules\express\lib\middleware.js:30:5)
    at next (f:\docseduar\projects\DusoftServer\dusoft-server\node_modules\express\node_modules\connect\lib\proto.js:193:15)
    at Object.query [as handle] (f:\docseduar\projects\DusoftServer\dusoft-server\node_modules\express\node_modules\connect\lib\middleware\query.js:45:5)
2014-12-05T13:56:36.265Z - info: Searching for available extensions in f:\docseduar\projects\DusoftServer\dusoft-server\
2014-12-05T13:56:36.907Z - info: Found 21 extensions
2014-12-05T13:56:36.922Z - info: Using extension excel-parser
2014-12-05T13:56:36.922Z - info: Using extension xlsx
2014-12-05T13:56:36.938Z - info: Using extension html-to-xlsx
2014-12-05T13:56:36.938Z - info: Using extension express
2014-12-05T13:56:36.938Z - info: Using extension templates
2014-12-05T13:56:36.938Z - info: Using extension html
2014-12-05T13:56:36.938Z - info: Using extension phantom-pdf
2014-12-05T13:56:36.938Z - info: Using extension scripts
2014-12-05T13:56:36.938Z - info: Using extension data
2014-12-05T13:56:36.938Z - info: Using extension images
2014-12-05T13:56:36.938Z - info: Using extension statistics
2014-12-05T13:56:36.938Z - info: Using extension reports
2014-12-05T13:56:36.938Z - info: Using extension childTemplates
2014-12-05T13:56:36.938Z - info: Using extension sample-template
2014-12-05T13:56:37.344Z - info: Extensions loaded.
2014-12-05T13:56:37.344Z - info: Creating default express app.
2014-12-05T13:56:37.359Z - info: jsreport server successfully started on http port: 3003
2014-12-05T13:56:37.406Z - info: reporter initialized
2014-12-05T13:56:37.973Z - error: Error during processing request: http://localhost:3003/api/report?studio=normal details: Cannot read property 'template' of undefined TypeError: Cannot read property 'template' of undefined
    at f:\docseduar\projects\DusoftServer\dusoft-server\node_modules\jsreport\extension\express\lib\routes.js:76:32
    at callbacks (f:\docseduar\projects\DusoftServer\dusoft-server\node_modules\express\lib\router\index.js:164:37)
    at param (f:\docseduar\projects\DusoftServer\dusoft-server\node_modules\express\lib\router\index.js:138:11)
    at pass (f:\docseduar\projects\DusoftServer\dusoft-server\node_modules\express\lib\router\index.js:145:5)
    at Router._dispatch (f:\docseduar\projects\DusoftServer\dusoft-server\node_modules\express\lib\router\index.js:173:5)
    at Object.router (f:\docseduar\projects\DusoftServer\dusoft-server\node_modules\express\lib\router\index.js:33:10)
    at next (f:\docseduar\projects\DusoftServer\dusoft-server\node_modules\express\node_modules\connect\lib\proto.js:193:15)
    at Object.expressInit [as handle] (f:\docseduar\projects\DusoftServer\dusoft-server\node_modules\express\lib\middleware.js:30:5)
    at next (f:\docseduar\projects\DusoftServer\dusoft-server\node_modules\express\node_modules\connect\lib\proto.js:193:15)
    at Object.query [as handle] (f:\docseduar\projects\DusoftServer\dusoft-server\node_modules\express\node_modules\connect\lib\middleware\query.js:45:5)
2014-12-05T14:03:51.593Z - error: Error during processing request: http://localhost:3003/api/report?studio=normal details: Cannot read property 'template' of undefined TypeError: Cannot read property 'template' of undefined
    at f:\docseduar\projects\DusoftServer\dusoft-server\node_modules\jsreport\extension\express\lib\routes.js:76:32
    at callbacks (f:\docseduar\projects\DusoftServer\dusoft-server\node_modules\express\lib\router\index.js:164:37)
    at param (f:\docseduar\projects\DusoftServer\dusoft-server\node_modules\express\lib\router\index.js:138:11)
    at pass (f:\docseduar\projects\DusoftServer\dusoft-server\node_modules\express\lib\router\index.js:145:5)
    at Router._dispatch (f:\docseduar\projects\DusoftServer\dusoft-server\node_modules\express\lib\router\index.js:173:5)
    at Object.router (f:\docseduar\projects\DusoftServer\dusoft-server\node_modules\express\lib\router\index.js:33:10)
    at next (f:\docseduar\projects\DusoftServer\dusoft-server\node_modules\express\node_modules\connect\lib\proto.js:193:15)
    at Object.expressInit [as handle] (f:\docseduar\projects\DusoftServer\dusoft-server\node_modules\express\lib\middleware.js:30:5)
    at next (f:\docseduar\projects\DusoftServer\dusoft-server\node_modules\express\node_modules\connect\lib\proto.js:193:15)
    at Object.query [as handle] (f:\docseduar\projects\DusoftServer\dusoft-server\node_modules\express\node_modules\connect\lib\middleware\query.js:45:5)
2014-12-05T14:04:36.035Z - info: Searching for available extensions in f:\docseduar\projects\DusoftServer\dusoft-server\
2014-12-05T14:04:36.768Z - info: Found 21 extensions
2014-12-05T14:04:36.784Z - info: Using extension excel-parser
2014-12-05T14:04:36.784Z - info: Using extension xlsx
2014-12-05T14:04:36.784Z - info: Using extension html-to-xlsx
2014-12-05T14:04:36.784Z - info: Using extension express
2014-12-05T14:04:36.784Z - info: Using extension templates
2014-12-05T14:04:36.784Z - info: Using extension html
2014-12-05T14:04:36.784Z - info: Using extension phantom-pdf
2014-12-05T14:04:36.784Z - info: Using extension scripts
2014-12-05T14:04:36.784Z - info: Using extension data
2014-12-05T14:04:36.799Z - info: Using extension images
2014-12-05T14:04:36.799Z - info: Using extension statistics
2014-12-05T14:04:36.799Z - info: Using extension reports
2014-12-05T14:04:36.799Z - info: Using extension childTemplates
2014-12-05T14:04:36.799Z - info: Using extension sample-template
2014-12-05T14:04:37.205Z - info: Extensions loaded.
2014-12-05T14:04:37.205Z - info: Creating default express app.
2014-12-05T14:04:37.283Z - info: jsreport server successfully started on http port: 3003
2014-12-05T14:04:37.330Z - info: reporter initialized
2014-12-05T14:05:17.294Z - error: Error during processing request: http://localhost:3003/api/report?studio=normal details: Cannot read property 'template' of undefined TypeError: Cannot read property 'template' of undefined
    at f:\docseduar\projects\DusoftServer\dusoft-server\node_modules\jsreport\extension\express\lib\routes.js:76:32
    at callbacks (f:\docseduar\projects\DusoftServer\dusoft-server\node_modules\express\lib\router\index.js:164:37)
    at param (f:\docseduar\projects\DusoftServer\dusoft-server\node_modules\express\lib\router\index.js:138:11)
    at pass (f:\docseduar\projects\DusoftServer\dusoft-server\node_modules\express\lib\router\index.js:145:5)
    at Router._dispatch (f:\docseduar\projects\DusoftServer\dusoft-server\node_modules\express\lib\router\index.js:173:5)
    at Object.router (f:\docseduar\projects\DusoftServer\dusoft-server\node_modules\express\lib\router\index.js:33:10)
    at next (f:\docseduar\projects\DusoftServer\dusoft-server\node_modules\express\node_modules\connect\lib\proto.js:193:15)
    at Object.expressInit [as handle] (f:\docseduar\projects\DusoftServer\dusoft-server\node_modules\express\lib\middleware.js:30:5)
    at next (f:\docseduar\projects\DusoftServer\dusoft-server\node_modules\express\node_modules\connect\lib\proto.js:193:15)
    at Object.query [as handle] (f:\docseduar\projects\DusoftServer\dusoft-server\node_modules\express\node_modules\connect\lib\middleware\query.js:45:5)
2014-12-05T14:09:05.825Z - info: Searching for available extensions in f:\docseduar\projects\DusoftServer\dusoft-server\
2014-12-05T14:09:06.593Z - info: Found 21 extensions
2014-12-05T14:09:06.609Z - info: Using extension excel-parser
2014-12-05T14:09:06.609Z - info: Using extension xlsx
2014-12-05T14:09:06.624Z - info: Using extension html-to-xlsx
2014-12-05T14:09:06.624Z - info: Using extension express
2014-12-05T14:09:06.624Z - info: Using extension templates
2014-12-05T14:09:06.624Z - info: Using extension html
2014-12-05T14:09:06.624Z - info: Using extension phantom-pdf
2014-12-05T14:09:06.624Z - info: Using extension scripts
2014-12-05T14:09:06.624Z - info: Using extension data
2014-12-05T14:09:06.624Z - info: Using extension images
2014-12-05T14:09:06.624Z - info: Using extension statistics
2014-12-05T14:09:06.640Z - info: Using extension reports
2014-12-05T14:09:06.640Z - info: Using extension childTemplates
2014-12-05T14:09:06.640Z - info: Using extension sample-template
2014-12-05T14:09:07.092Z - info: Extensions loaded.
2014-12-05T14:09:07.108Z - info: Creating default express app.
2014-12-05T14:09:07.155Z - info: jsreport server successfully started on http port: 3003
2014-12-05T14:09:07.186Z - info: reporter initialized
2014-12-05T14:09:14.939Z - info: Starting rendering request 1
2014-12-05T14:09:15.464Z - info: Rendering request 1 finished in 525 ms
2014-12-05T14:09:42.680Z - info: Starting rendering request 2
2014-12-05T14:09:42.978Z - info: Rendering request 2 finished in 297 ms
2014-12-05T14:10:00.670Z - info: Searching for available extensions in f:\docseduar\projects\DusoftServer\dusoft-server\
2014-12-05T14:10:01.434Z - info: Found 21 extensions
2014-12-05T14:10:01.451Z - info: Using extension excel-parser
2014-12-05T14:10:01.451Z - info: Using extension xlsx
2014-12-05T14:10:01.451Z - info: Using extension html-to-xlsx
2014-12-05T14:10:01.451Z - info: Using extension express
2014-12-05T14:10:01.451Z - info: Using extension templates
2014-12-05T14:10:01.451Z - info: Using extension html
2014-12-05T14:10:01.466Z - info: Using extension phantom-pdf
2014-12-05T14:10:01.466Z - info: Using extension scripts
2014-12-05T14:10:01.466Z - info: Using extension data
2014-12-05T14:10:01.466Z - info: Using extension images
2014-12-05T14:10:01.466Z - info: Using extension statistics
2014-12-05T14:10:01.466Z - info: Using extension reports
2014-12-05T14:10:01.482Z - info: Using extension childTemplates
2014-12-05T14:10:01.482Z - info: Using extension sample-template
2014-12-05T14:10:01.951Z - info: Extensions loaded.
2014-12-05T14:10:01.951Z - info: Creating default express app.
2014-12-05T14:10:01.998Z - info: jsreport server successfully started on http port: 3003
2014-12-05T14:10:02.044Z - info: reporter initialized
2014-12-05T14:10:13.259Z - info: Searching for available extensions in f:\docseduar\projects\DusoftServer\dusoft-server\
2014-12-05T14:10:14.040Z - info: Found 21 extensions
2014-12-05T14:10:14.071Z - info: Using extension excel-parser
2014-12-05T14:10:14.071Z - info: Using extension xlsx
2014-12-05T14:10:14.071Z - info: Using extension html-to-xlsx
2014-12-05T14:10:14.071Z - info: Using extension express
2014-12-05T14:10:14.071Z - info: Using extension templates
2014-12-05T14:10:14.071Z - info: Using extension html
2014-12-05T14:10:14.071Z - info: Using extension phantom-pdf
2014-12-05T14:10:14.071Z - info: Using extension scripts
2014-12-05T14:10:14.071Z - info: Using extension data
2014-12-05T14:10:14.086Z - info: Using extension images
2014-12-05T14:10:14.086Z - info: Using extension statistics
2014-12-05T14:10:14.086Z - info: Using extension reports
2014-12-05T14:10:14.086Z - info: Using extension childTemplates
2014-12-05T14:10:14.086Z - info: Using extension sample-template
2014-12-05T14:10:14.542Z - info: Extensions loaded.
2014-12-05T14:10:14.620Z - info: Creating default express app.
2014-12-05T14:10:14.620Z - info: jsreport server successfully started on http port: 3003
2014-12-05T14:10:14.667Z - info: reporter initialized
2014-12-05T14:10:19.729Z - info: Starting rendering request 1
2014-12-05T14:10:20.038Z - info: Rendering request 1 finished in 309 ms
2014-12-05T14:48:30.134Z - info: Searching for available extensions in f:\docseduar\projects\DusoftServer\dusoft-server\
2014-12-05T14:48:30.914Z - info: Found 21 extensions
2014-12-05T14:48:30.930Z - info: Using extension excel-parser
2014-12-05T14:48:30.945Z - info: Using extension xlsx
2014-12-05T14:48:30.945Z - info: Using extension html-to-xlsx
2014-12-05T14:48:30.945Z - info: Using extension express
2014-12-05T14:48:30.945Z - info: Using extension templates
2014-12-05T14:48:30.945Z - info: Using extension html
2014-12-05T14:48:30.945Z - info: Using extension phantom-pdf
2014-12-05T14:48:30.945Z - info: Using extension scripts
2014-12-05T14:48:30.945Z - info: Using extension data
2014-12-05T14:48:30.945Z - info: Using extension images
2014-12-05T14:48:30.961Z - info: Using extension statistics
2014-12-05T14:48:30.961Z - info: Using extension reports
2014-12-05T14:48:30.961Z - info: Using extension childTemplates
2014-12-05T14:48:30.961Z - info: Using extension sample-template
2014-12-05T14:48:31.429Z - info: Extensions loaded.
2014-12-05T14:48:31.444Z - info: Creating default express app.
2014-12-05T14:48:31.491Z - info: jsreport server successfully started on http port: 3003
2014-12-05T14:48:31.522Z - info: reporter initialized
2014-12-05T15:20:41.654Z - info: Searching for available extensions in f:\docseduar\projects\DusoftServer\dusoft-server\
2014-12-05T15:20:42.418Z - info: Found 21 extensions
2014-12-05T15:20:42.434Z - info: Using extension excel-parser
2014-12-05T15:20:42.434Z - info: Using extension xlsx
2014-12-05T15:20:42.434Z - info: Using extension html-to-xlsx
2014-12-05T15:20:42.449Z - info: Using extension express
2014-12-05T15:20:42.449Z - info: Using extension templates
2014-12-05T15:20:42.449Z - info: Using extension html
2014-12-05T15:20:42.449Z - info: Using extension phantom-pdf
2014-12-05T15:20:42.449Z - info: Using extension scripts
2014-12-05T15:20:42.449Z - info: Using extension data
2014-12-05T15:20:42.449Z - info: Using extension images
2014-12-05T15:20:42.449Z - info: Using extension statistics
2014-12-05T15:20:42.449Z - info: Using extension reports
2014-12-05T15:20:42.465Z - info: Using extension childTemplates
2014-12-05T15:20:42.465Z - info: Using extension sample-template
2014-12-05T15:20:42.921Z - info: Extensions loaded.
2014-12-05T15:20:42.921Z - info: Creating default express app.
2014-12-05T15:20:42.937Z - info: jsreport server successfully started on http port: 3003
2014-12-05T15:20:43.046Z - info: reporter initialized
2014-12-05T15:21:27.969Z - info: Searching for available extensions in f:\docseduar\projects\DusoftServer\dusoft-server\
2014-12-05T15:21:28.736Z - info: Found 21 extensions
2014-12-05T15:21:28.752Z - info: Using extension excel-parser
2014-12-05T15:21:28.752Z - info: Using extension xlsx
2014-12-05T15:21:28.768Z - info: Using extension html-to-xlsx
2014-12-05T15:21:28.768Z - info: Using extension express
2014-12-05T15:21:28.768Z - info: Using extension templates
2014-12-05T15:21:28.768Z - info: Using extension html
2014-12-05T15:21:28.768Z - info: Using extension phantom-pdf
2014-12-05T15:21:28.768Z - info: Using extension scripts
2014-12-05T15:21:28.768Z - info: Using extension data
2014-12-05T15:21:28.768Z - info: Using extension images
2014-12-05T15:21:28.768Z - info: Using extension statistics
2014-12-05T15:21:28.783Z - info: Using extension reports
2014-12-05T15:21:28.783Z - info: Using extension childTemplates
2014-12-05T15:21:28.783Z - info: Using extension sample-template
2014-12-05T15:21:29.253Z - info: Extensions loaded.
2014-12-05T15:21:29.269Z - info: Creating default express app.
2014-12-05T15:21:29.300Z - info: jsreport server successfully started on http port: 3003
2014-12-05T15:21:29.362Z - info: reporter initialized
2014-12-05T15:22:21.342Z - info: Starting rendering request 1
2014-12-05T15:22:21.755Z - info: Rendering request 1 finished in 415 ms
2014-12-05T15:25:11.220Z - info: Starting rendering request 2
2014-12-05T15:25:11.399Z - info: Rendering request 2 finished in 179 ms
2014-12-05T15:25:32.777Z - info: Searching for available extensions in f:\docseduar\projects\DusoftServer\dusoft-server\
2014-12-05T15:25:33.712Z - info: Found 21 extensions
2014-12-05T15:25:33.739Z - info: Using extension excel-parser
2014-12-05T15:25:33.742Z - info: Using extension xlsx
2014-12-05T15:25:33.744Z - info: Using extension html-to-xlsx
2014-12-05T15:25:33.747Z - info: Using extension express
2014-12-05T15:25:33.748Z - info: Using extension templates
2014-12-05T15:25:33.750Z - info: Using extension html
2014-12-05T15:25:33.751Z - info: Using extension phantom-pdf
2014-12-05T15:25:33.754Z - info: Using extension scripts
2014-12-05T15:25:33.755Z - info: Using extension data
2014-12-05T15:25:33.757Z - info: Using extension images
2014-12-05T15:25:33.759Z - info: Using extension statistics
2014-12-05T15:25:33.761Z - info: Using extension reports
2014-12-05T15:25:33.764Z - info: Using extension childTemplates
2014-12-05T15:25:33.766Z - info: Using extension sample-template
2014-12-05T15:25:34.374Z - info: Extensions loaded.
2014-12-05T15:25:34.408Z - info: Creating default express app.
2014-12-05T15:25:34.422Z - info: jsreport server successfully started on http port: 3003
2014-12-05T15:25:34.512Z - info: reporter initialized
2014-12-05T15:25:42.248Z - info: Starting rendering request 1
2014-12-05T15:25:42.565Z - info: Rendering request 1 finished in 317 ms
2014-12-05T15:27:06.800Z - info: Searching for available extensions in f:\docseduar\projects\DusoftServer\dusoft-server\
2014-12-05T15:27:07.610Z - info: Found 21 extensions
2014-12-05T15:27:07.641Z - info: Using extension excel-parser
2014-12-05T15:27:07.641Z - info: Using extension xlsx
2014-12-05T15:27:07.641Z - info: Using extension html-to-xlsx
2014-12-05T15:27:07.641Z - info: Using extension express
2014-12-05T15:27:07.641Z - info: Using extension templates
2014-12-05T15:27:07.641Z - info: Using extension html
2014-12-05T15:27:07.641Z - info: Using extension phantom-pdf
2014-12-05T15:27:07.641Z - info: Using extension scripts
2014-12-05T15:27:07.641Z - info: Using extension data
2014-12-05T15:27:07.641Z - info: Using extension images
2014-12-05T15:27:07.641Z - info: Using extension statistics
2014-12-05T15:27:07.657Z - info: Using extension reports
2014-12-05T15:27:07.657Z - info: Using extension childTemplates
2014-12-05T15:27:07.657Z - info: Using extension sample-template
2014-12-05T15:27:08.088Z - info: Extensions loaded.
2014-12-05T15:27:08.103Z - info: Creating default express app.
2014-12-05T15:27:08.119Z - info: jsreport server successfully started on http port: 3003
2014-12-05T15:27:08.181Z - info: reporter initialized
2014-12-05T15:27:11.229Z - info: Starting rendering request 1
2014-12-05T15:27:11.556Z - info: Rendering request 1 finished in 327 ms
2014-12-05T15:28:27.239Z - info: Searching for available extensions in f:\docseduar\projects\DusoftServer\dusoft-server\
2014-12-05T15:28:27.972Z - info: Found 21 extensions
2014-12-05T15:28:27.988Z - info: Using extension excel-parser
2014-12-05T15:28:27.988Z - info: Using extension xlsx
2014-12-05T15:28:28.003Z - info: Using extension html-to-xlsx
2014-12-05T15:28:28.003Z - info: Using extension express
2014-12-05T15:28:28.003Z - info: Using extension templates
2014-12-05T15:28:28.003Z - info: Using extension html
2014-12-05T15:28:28.003Z - info: Using extension phantom-pdf
2014-12-05T15:28:28.003Z - info: Using extension scripts
2014-12-05T15:28:28.003Z - info: Using extension data
2014-12-05T15:28:28.003Z - info: Using extension images
2014-12-05T15:28:28.003Z - info: Using extension statistics
2014-12-05T15:28:28.003Z - info: Using extension reports
2014-12-05T15:28:28.019Z - info: Using extension childTemplates
2014-12-05T15:28:28.019Z - info: Using extension sample-template
2014-12-05T15:28:28.454Z - info: Extensions loaded.
2014-12-05T15:28:28.460Z - info: Creating default express app.
2014-12-05T15:28:28.476Z - info: jsreport server successfully started on http port: 3003
2014-12-05T15:28:28.607Z - info: reporter initialized
2014-12-05T15:28:29.115Z - info: Starting rendering request 1
2014-12-05T15:28:29.624Z - info: Rendering request 1 finished in 509 ms
2014-12-05T15:28:55.226Z - info: Searching for available extensions in f:\docseduar\projects\DusoftServer\dusoft-server\
2014-12-05T15:28:56.062Z - info: Found 21 extensions
2014-12-05T15:28:56.078Z - info: Using extension excel-parser
2014-12-05T15:28:56.080Z - info: Using extension xlsx
2014-12-05T15:28:56.080Z - info: Using extension html-to-xlsx
2014-12-05T15:28:56.080Z - info: Using extension express
2014-12-05T15:28:56.080Z - info: Using extension templates
2014-12-05T15:28:56.080Z - info: Using extension html
2014-12-05T15:28:56.080Z - info: Using extension phantom-pdf
2014-12-05T15:28:56.080Z - info: Using extension scripts
2014-12-05T15:28:56.080Z - info: Using extension data
2014-12-05T15:28:56.080Z - info: Using extension images
2014-12-05T15:28:56.080Z - info: Using extension statistics
2014-12-05T15:28:56.095Z - info: Using extension reports
2014-12-05T15:28:56.095Z - info: Using extension childTemplates
2014-12-05T15:28:56.095Z - info: Using extension sample-template
2014-12-05T15:28:56.644Z - info: Extensions loaded.
2014-12-05T15:28:56.644Z - info: Creating default express app.
2014-12-05T15:28:56.660Z - info: jsreport server successfully started on http port: 3003
2014-12-05T15:28:56.691Z - info: reporter initialized
2014-12-05T15:28:56.808Z - info: Starting rendering request 1
2014-12-05T15:28:57.938Z - info: Rendering request 1 finished in 1130 ms
2014-12-05T15:32:37.704Z - info: Starting rendering request 2
2014-12-05T15:32:37.880Z - info: Rendering request 2 finished in 177 ms
2014-12-05T15:33:47.060Z - info: Starting rendering request 3
2014-12-05T15:33:47.248Z - info: Rendering request 3 finished in 188 ms
2014-12-05T15:33:58.066Z - info: Starting rendering request 4
2014-12-05T15:33:58.246Z - info: Rendering request 4 finished in 180 ms
2014-12-05T15:34:04.691Z - info: Starting rendering request 5
2014-12-05T15:34:04.883Z - info: Rendering request 5 finished in 193 ms
2014-12-05T15:34:36.710Z - info: Starting rendering request 6
2014-12-05T15:34:36.874Z - info: Rendering request 6 finished in 164 ms
2014-12-05T15:41:05.036Z - info: Starting rendering request 7
2014-12-05T15:41:05.178Z - info: Rendering request 7 finished in 142 ms
2014-12-05T15:41:12.084Z - info: Starting rendering request 8
2014-12-05T15:41:12.276Z - info: Rendering request 8 finished in 192 ms
2014-12-05T15:54:45.017Z - info: Starting rendering request 9
2014-12-05T15:54:45.218Z - info: Rendering request 9 finished in 200 ms
2014-12-05T15:56:33.588Z - info: Starting rendering request 10
2014-12-05T15:56:33.795Z - info: Rendering request 10 finished in 207 ms
2014-12-05T15:57:11.741Z - info: Starting rendering request 11
2014-12-05T15:57:11.962Z - info: Rendering request 11 finished in 221 ms
2014-12-05T15:59:51.142Z - info: Starting rendering request 12
2014-12-05T15:59:52.366Z - info: Rendering request 12 finished in 1219 ms
2014-12-05T16:00:15.879Z - info: Starting rendering request 13
2014-12-05T16:00:16.235Z - info: Rendering request 13 finished in 290 ms
2014-12-05T16:01:56.223Z - info: Starting rendering request 14
2014-12-05T16:01:56.408Z - info: Rendering request 14 finished in 190 ms
2014-12-05T16:02:15.759Z - info: Starting rendering request 15
2014-12-05T16:02:15.996Z - info: Rendering request 15 finished in 222 ms
2014-12-05T16:17:25.073Z - info: Searching for available extensions in f:\docseduar\projects\DusoftServer\dusoft-server\
2014-12-05T16:17:26.577Z - info: Found 21 extensions
2014-12-05T16:17:26.596Z - info: Using extension excel-parser
2014-12-05T16:17:26.596Z - info: Using extension xlsx
2014-12-05T16:17:26.596Z - info: Using extension html-to-xlsx
2014-12-05T16:17:26.596Z - info: Using extension express
2014-12-05T16:17:26.611Z - info: Using extension templates
2014-12-05T16:17:26.611Z - info: Using extension html
2014-12-05T16:17:26.611Z - info: Using extension phantom-pdf
2014-12-05T16:17:26.611Z - info: Using extension scripts
2014-12-05T16:17:26.611Z - info: Using extension data
2014-12-05T16:17:26.611Z - info: Using extension images
2014-12-05T16:17:26.611Z - info: Using extension statistics
2014-12-05T16:17:26.611Z - info: Using extension reports
2014-12-05T16:17:26.627Z - info: Using extension childTemplates
2014-12-05T16:17:26.627Z - info: Using extension sample-template
2014-12-05T16:17:27.144Z - info: Extensions loaded.
2014-12-05T16:17:27.144Z - info: Creating default express app.
2014-12-05T16:17:27.191Z - info: jsreport server successfully started on http port: 3003
2014-12-05T16:17:27.294Z - info: reporter initialized
2014-12-05T19:39:41.183Z - info: Searching for available extensions in f:\docseduar\projects\DusoftServer\dusoft-server\
2014-12-05T19:39:42.165Z - info: Found 21 extensions
2014-12-05T19:39:42.195Z - info: Using extension excel-parser
2014-12-05T19:39:42.195Z - info: Using extension xlsx
2014-12-05T19:39:42.195Z - info: Using extension html-to-xlsx
2014-12-05T19:39:42.195Z - info: Using extension express
2014-12-05T19:39:42.195Z - info: Using extension templates
2014-12-05T19:39:42.205Z - info: Using extension html
2014-12-05T19:39:42.205Z - info: Using extension phantom-pdf
2014-12-05T19:39:42.205Z - info: Using extension scripts
2014-12-05T19:39:42.205Z - info: Using extension data
2014-12-05T19:39:42.205Z - info: Using extension images
2014-12-05T19:39:42.205Z - info: Using extension statistics
2014-12-05T19:39:42.215Z - info: Using extension reports
2014-12-05T19:39:42.215Z - info: Using extension childTemplates
2014-12-05T19:39:42.215Z - info: Using extension sample-template
2014-12-05T19:39:43.046Z - info: Extensions loaded.
2014-12-05T19:39:43.055Z - info: Creating default express app.
2014-12-05T19:39:43.071Z - info: jsreport server successfully started on http port: 3003
2014-12-05T19:39:43.110Z - info: reporter initialized
2014-12-05T20:47:43.430Z - info: Searching for available extensions in f:\docseduar\projects\DusoftServer\dusoft-server\
2014-12-05T20:47:44.267Z - info: Found 21 extensions
2014-12-05T20:47:44.283Z - info: Using extension excel-parser
2014-12-05T20:47:44.283Z - info: Using extension xlsx
2014-12-05T20:47:44.283Z - info: Using extension html-to-xlsx
2014-12-05T20:47:44.283Z - info: Using extension express
2014-12-05T20:47:44.283Z - info: Using extension templates
2014-12-05T20:47:44.283Z - info: Using extension html
2014-12-05T20:47:44.298Z - info: Using extension phantom-pdf
2014-12-05T20:47:44.301Z - info: Using extension scripts
2014-12-05T20:47:44.302Z - info: Using extension data
2014-12-05T20:47:44.303Z - info: Using extension images
2014-12-05T20:47:44.305Z - info: Using extension statistics
2014-12-05T20:47:44.306Z - info: Using extension reports
2014-12-05T20:47:44.306Z - info: Using extension childTemplates
2014-12-05T20:47:44.306Z - info: Using extension sample-template
2014-12-05T20:47:44.866Z - info: Extensions loaded.
2014-12-05T20:47:44.882Z - info: Creating default express app.
2014-12-05T20:47:44.937Z - info: jsreport server successfully started on http port: 3003
2014-12-05T20:47:45.016Z - info: reporter initialized
2014-12-05T20:48:41.901Z - info: Searching for available extensions in f:\docseduar\projects\DusoftServer\dusoft-server\
2014-12-05T20:48:42.766Z - info: Found 21 extensions
2014-12-05T20:48:42.773Z - info: Using extension excel-parser
2014-12-05T20:48:42.773Z - info: Using extension xlsx
2014-12-05T20:48:42.773Z - info: Using extension html-to-xlsx
2014-12-05T20:48:42.773Z - info: Using extension express
2014-12-05T20:48:42.773Z - info: Using extension templates
2014-12-05T20:48:42.789Z - info: Using extension html
2014-12-05T20:48:42.789Z - info: Using extension phantom-pdf
2014-12-05T20:48:42.789Z - info: Using extension scripts
2014-12-05T20:48:42.789Z - info: Using extension data
2014-12-05T20:48:42.789Z - info: Using extension images
2014-12-05T20:48:42.789Z - info: Using extension statistics
2014-12-05T20:48:42.789Z - info: Using extension reports
2014-12-05T20:48:42.789Z - info: Using extension childTemplates
2014-12-05T20:48:42.789Z - info: Using extension sample-template
2014-12-05T20:48:43.282Z - info: Extensions loaded.
2014-12-05T20:48:43.298Z - info: Creating default express app.
2014-12-05T20:48:43.298Z - info: jsreport server successfully started on http port: 3003
2014-12-05T20:48:43.377Z - info: reporter initialized
2014-12-05T20:49:24.024Z - info: Searching for available extensions in f:\docseduar\projects\DusoftServer\dusoft-server\
2014-12-05T20:49:25.019Z - info: Found 21 extensions
2014-12-05T20:49:25.039Z - info: Using extension excel-parser
2014-12-05T20:49:25.043Z - info: Using extension xlsx
2014-12-05T20:49:25.045Z - info: Using extension html-to-xlsx
2014-12-05T20:49:25.046Z - info: Using extension express
2014-12-05T20:49:25.048Z - info: Using extension templates
2014-12-05T20:49:25.050Z - info: Using extension html
2014-12-05T20:49:25.052Z - info: Using extension phantom-pdf
2014-12-05T20:49:25.058Z - info: Using extension scripts
2014-12-05T20:49:25.063Z - info: Using extension data
2014-12-05T20:49:25.066Z - info: Using extension images
2014-12-05T20:49:25.068Z - info: Using extension statistics
2014-12-05T20:49:25.070Z - info: Using extension reports
2014-12-05T20:49:25.073Z - info: Using extension childTemplates
2014-12-05T20:49:25.076Z - info: Using extension sample-template
2014-12-05T20:49:25.715Z - info: Extensions loaded.
2014-12-05T20:49:25.721Z - info: Creating default express app.
2014-12-05T20:49:25.775Z - info: jsreport server successfully started on http port: 3003
2014-12-05T20:49:25.814Z - info: reporter initialized
2014-12-05T20:51:22.392Z - info: Searching for available extensions in f:\docseduar\projects\DusoftServer\dusoft-server\
2014-12-05T20:51:23.264Z - info: Found 21 extensions
2014-12-05T20:51:23.267Z - info: Using extension excel-parser
2014-12-05T20:51:23.283Z - info: Using extension xlsx
2014-12-05T20:51:23.283Z - info: Using extension html-to-xlsx
2014-12-05T20:51:23.283Z - info: Using extension express
2014-12-05T20:51:23.283Z - info: Using extension templates
2014-12-05T20:51:23.283Z - info: Using extension html
2014-12-05T20:51:23.283Z - info: Using extension phantom-pdf
2014-12-05T20:51:23.283Z - info: Using extension scripts
2014-12-05T20:51:23.283Z - info: Using extension data
2014-12-05T20:51:23.298Z - info: Using extension images
2014-12-05T20:51:23.298Z - info: Using extension statistics
2014-12-05T20:51:23.298Z - info: Using extension reports
2014-12-05T20:51:23.298Z - info: Using extension childTemplates
2014-12-05T20:51:23.298Z - info: Using extension sample-template
2014-12-05T20:51:23.780Z - info: Extensions loaded.
2014-12-05T20:51:23.796Z - info: Creating default express app.
2014-12-05T20:51:23.811Z - info: jsreport server successfully started on http port: 3003
2014-12-05T20:51:23.861Z - info: reporter initialized
2014-12-05T20:52:36.997Z - info: Searching for available extensions in f:\docseduar\projects\DusoftServer\dusoft-server\
2014-12-05T20:52:37.887Z - info: Found 21 extensions
2014-12-05T20:52:37.903Z - info: Using extension excel-parser
2014-12-05T20:52:37.903Z - info: Using extension xlsx
2014-12-05T20:52:37.903Z - info: Using extension html-to-xlsx
2014-12-05T20:52:37.903Z - info: Using extension express
2014-12-05T20:52:37.903Z - info: Using extension templates
2014-12-05T20:52:37.918Z - info: Using extension html
2014-12-05T20:52:37.919Z - info: Using extension phantom-pdf
2014-12-05T20:52:37.921Z - info: Using extension scripts
2014-12-05T20:52:37.922Z - info: Using extension data
2014-12-05T20:52:37.924Z - info: Using extension images
2014-12-05T20:52:37.925Z - info: Using extension statistics
2014-12-05T20:52:37.926Z - info: Using extension reports
2014-12-05T20:52:37.929Z - info: Using extension childTemplates
2014-12-05T20:52:37.930Z - info: Using extension sample-template
2014-12-05T20:52:38.378Z - info: Extensions loaded.
2014-12-05T20:52:38.393Z - info: Creating default express app.
2014-12-05T20:52:38.409Z - info: jsreport server successfully started on http port: 3003
2014-12-05T20:52:38.518Z - info: reporter initialized
2014-12-05T20:53:10.348Z - info: Searching for available extensions in f:\docseduar\projects\DusoftServer\dusoft-server\
2014-12-05T20:53:11.197Z - info: Found 21 extensions
2014-12-05T20:53:11.212Z - info: Using extension excel-parser
2014-12-05T20:53:11.212Z - info: Using extension xlsx
2014-12-05T20:53:11.212Z - info: Using extension html-to-xlsx
2014-12-05T20:53:11.212Z - info: Using extension express
2014-12-05T20:53:11.212Z - info: Using extension templates
2014-12-05T20:53:11.212Z - info: Using extension html
2014-12-05T20:53:11.212Z - info: Using extension phantom-pdf
2014-12-05T20:53:11.212Z - info: Using extension scripts
2014-12-05T20:53:11.212Z - info: Using extension data
2014-12-05T20:53:11.212Z - info: Using extension images
2014-12-05T20:53:11.228Z - info: Using extension statistics
2014-12-05T20:53:11.228Z - info: Using extension reports
2014-12-05T20:53:11.228Z - info: Using extension childTemplates
2014-12-05T20:53:11.228Z - info: Using extension sample-template
2014-12-05T20:53:11.732Z - info: Extensions loaded.
2014-12-05T20:53:11.763Z - info: Creating default express app.
2014-12-05T20:53:11.779Z - info: jsreport server successfully started on http port: 3003
2014-12-05T20:53:11.826Z - info: reporter initialized
2014-12-05T20:54:04.883Z - info: Searching for available extensions in f:\docseduar\projects\DusoftServer\dusoft-server\
2014-12-05T20:54:05.729Z - info: Found 21 extensions
2014-12-05T20:54:05.745Z - info: Using extension excel-parser
2014-12-05T20:54:05.745Z - info: Using extension xlsx
2014-12-05T20:54:05.745Z - info: Using extension html-to-xlsx
2014-12-05T20:54:05.745Z - info: Using extension express
2014-12-05T20:54:05.745Z - info: Using extension templates
2014-12-05T20:54:05.760Z - info: Using extension html
2014-12-05T20:54:05.760Z - info: Using extension phantom-pdf
2014-12-05T20:54:05.760Z - info: Using extension scripts
2014-12-05T20:54:05.760Z - info: Using extension data
2014-12-05T20:54:05.760Z - info: Using extension images
2014-12-05T20:54:05.760Z - info: Using extension statistics
2014-12-05T20:54:05.760Z - info: Using extension reports
2014-12-05T20:54:05.760Z - info: Using extension childTemplates
2014-12-05T20:54:05.760Z - info: Using extension sample-template
2014-12-05T20:54:06.247Z - info: Extensions loaded.
2014-12-05T20:54:06.247Z - info: Creating default express app.
2014-12-05T20:54:06.278Z - info: jsreport server successfully started on http port: 3003
2014-12-05T20:54:06.325Z - info: reporter initialized
2014-12-05T20:54:07.756Z - info: Starting rendering request 1
2014-12-05T20:54:08.214Z - info: Rendering request 1 finished in 457 ms
2014-12-05T20:56:45.393Z - info: Starting rendering request 2
2014-12-05T20:56:48.123Z - info: Rendering request 2 finished in 2731 ms
2014-12-05T20:58:48.665Z - info: Starting rendering request 3
2014-12-05T20:58:51.398Z - info: Rendering request 3 finished in 2733 ms
2014-12-05T20:59:14.554Z - info: Searching for available extensions in f:\docseduar\projects\DusoftServer\dusoft-server\
2014-12-05T20:59:15.319Z - info: Found 21 extensions
2014-12-05T20:59:15.335Z - info: Using extension excel-parser
2014-12-05T20:59:15.351Z - info: Using extension xlsx
2014-12-05T20:59:15.351Z - info: Using extension html-to-xlsx
2014-12-05T20:59:15.351Z - info: Using extension express
2014-12-05T20:59:15.351Z - info: Using extension templates
2014-12-05T20:59:15.351Z - info: Using extension html
2014-12-05T20:59:15.351Z - info: Using extension phantom-pdf
2014-12-05T20:59:15.351Z - info: Using extension scripts
2014-12-05T20:59:15.351Z - info: Using extension data
2014-12-05T20:59:15.351Z - info: Using extension images
2014-12-05T20:59:15.351Z - info: Using extension statistics
2014-12-05T20:59:15.366Z - info: Using extension reports
2014-12-05T20:59:15.367Z - info: Using extension childTemplates
2014-12-05T20:59:15.367Z - info: Using extension sample-template
2014-12-05T20:59:15.822Z - info: Extensions loaded.
2014-12-05T20:59:15.900Z - info: Creating default express app.
2014-12-05T20:59:15.915Z - info: jsreport server successfully started on http port: 3003
2014-12-05T20:59:15.979Z - info: reporter initialized
2014-12-05T20:59:24.505Z - info: Starting rendering request 1
2014-12-05T20:59:27.416Z - info: Rendering request 1 finished in 2911 ms
2014-12-05T21:00:02.061Z - info: Starting rendering request 2
2014-12-05T21:00:04.840Z - info: Rendering request 2 finished in 2780 ms
2014-12-05T21:00:57.197Z - info: Starting rendering request 3
2014-12-05T21:00:59.946Z - info: Rendering request 3 finished in 2748 ms
2014-12-05T21:01:41.125Z - info: Starting rendering request 4
2014-12-05T21:01:43.839Z - info: Rendering request 4 finished in 2715 ms
2014-12-05T21:02:14.451Z - info: Starting rendering request 5
2014-12-05T21:02:15.726Z - info: Rendering request 5 finished in 1274 ms
2014-12-05T21:02:17.954Z - info: Starting rendering request 6
2014-12-05T21:02:18.123Z - info: Rendering request 6 finished in 169 ms
2014-12-05T21:06:44.680Z - info: Starting rendering request 7
2014-12-05T21:06:45.906Z - info: Rendering request 7 finished in 1226 ms
2014-12-05T21:07:20.546Z - info: Starting rendering request 8
2014-12-05T21:07:20.710Z - info: Rendering request 8 finished in 164 ms
2014-12-05T21:08:39.561Z - info: Starting rendering request 9
2014-12-05T21:08:39.771Z - info: Rendering request 9 finished in 210 ms
2014-12-05T21:10:11.519Z - info: Starting rendering request 10
2014-12-05T21:10:11.737Z - info: Rendering request 10 finished in 218 ms
2014-12-05T21:11:24.613Z - info: Starting rendering request 11
2014-12-05T21:11:24.833Z - info: Rendering request 11 finished in 221 ms
2014-12-05T21:11:40.271Z - info: Starting rendering request 12
2014-12-05T21:11:40.522Z - info: Rendering request 12 finished in 252 ms
2014-12-05T21:15:48.030Z - info: Searching for available extensions in f:\docseduar\projects\DusoftServer\dusoft-server\
2014-12-05T21:15:49.029Z - info: Found 21 extensions
2014-12-05T21:15:49.221Z - info: Using extension excel-parser
2014-12-05T21:15:49.224Z - info: Using extension xlsx
2014-12-05T21:15:49.226Z - info: Using extension html-to-xlsx
2014-12-05T21:15:49.228Z - info: Using extension express
2014-12-05T21:15:49.229Z - info: Using extension templates
2014-12-05T21:15:49.231Z - info: Using extension html
2014-12-05T21:15:49.233Z - info: Using extension phantom-pdf
2014-12-05T21:15:49.236Z - info: Using extension scripts
2014-12-05T21:15:49.238Z - info: Using extension data
2014-12-05T21:15:49.242Z - info: Using extension images
2014-12-05T21:15:49.250Z - info: Using extension statistics
2014-12-05T21:15:49.252Z - info: Using extension reports
2014-12-05T21:15:49.259Z - info: Using extension childTemplates
2014-12-05T21:15:49.261Z - info: Using extension sample-template
2014-12-05T21:15:54.908Z - info: Extensions loaded.
2014-12-05T21:15:54.915Z - info: Creating default express app.
2014-12-05T21:15:54.947Z - info: jsreport server successfully started on http port: 3003
2014-12-05T21:15:54.994Z - info: reporter initialized
2014-12-05T21:16:11.342Z - info: Starting rendering request 1
2014-12-05T21:16:12.004Z - info: Rendering request 1 finished in 662 ms
2014-12-05T21:17:17.492Z - info: Searching for available extensions in f:\docseduar\projects\DusoftServer\dusoft-server\
2014-12-05T21:17:18.431Z - info: Found 21 extensions
2014-12-05T21:17:18.446Z - info: Using extension excel-parser
2014-12-05T21:17:18.446Z - info: Using extension xlsx
2014-12-05T21:17:18.463Z - info: Using extension html-to-xlsx
2014-12-05T21:17:18.463Z - info: Using extension express
2014-12-05T21:17:18.463Z - info: Using extension templates
2014-12-05T21:17:18.463Z - info: Using extension html
2014-12-05T21:17:18.463Z - info: Using extension phantom-pdf
2014-12-05T21:17:18.463Z - info: Using extension scripts
2014-12-05T21:17:18.479Z - info: Using extension data
2014-12-05T21:17:18.479Z - info: Using extension images
2014-12-05T21:17:18.479Z - info: Using extension statistics
2014-12-05T21:17:18.479Z - info: Using extension reports
2014-12-05T21:17:18.479Z - info: Using extension childTemplates
2014-12-05T21:17:18.479Z - info: Using extension sample-template
2014-12-05T21:17:19.040Z - info: Extensions loaded.
2014-12-05T21:17:19.087Z - info: Creating default express app.
2014-12-05T21:17:19.087Z - info: jsreport server successfully started on http port: 3003
2014-12-05T21:17:19.190Z - info: reporter initialized
2014-12-05T21:17:20.518Z - info: Starting rendering request 1
2014-12-05T21:17:23.491Z - info: Rendering request 1 finished in 2973 ms
2014-12-05T21:18:16.198Z - info: Starting rendering request 2
2014-12-05T21:18:19.024Z - info: Rendering request 2 finished in 2826 ms
2014-12-05T21:19:11.435Z - info: Searching for available extensions in f:\docseduar\projects\DusoftServer\dusoft-server\
2014-12-05T21:19:12.212Z - info: Found 21 extensions
2014-12-05T21:19:12.228Z - info: Using extension excel-parser
2014-12-05T21:19:12.228Z - info: Using extension xlsx
2014-12-05T21:19:12.228Z - info: Using extension html-to-xlsx
2014-12-05T21:19:12.228Z - info: Using extension express
2014-12-05T21:19:12.228Z - info: Using extension templates
2014-12-05T21:19:12.228Z - info: Using extension html
2014-12-05T21:19:12.228Z - info: Using extension phantom-pdf
2014-12-05T21:19:12.228Z - info: Using extension scripts
2014-12-05T21:19:12.228Z - info: Using extension data
2014-12-05T21:19:12.243Z - info: Using extension images
2014-12-05T21:19:12.243Z - info: Using extension statistics
2014-12-05T21:19:12.243Z - info: Using extension reports
2014-12-05T21:19:12.243Z - info: Using extension childTemplates
2014-12-05T21:19:12.243Z - info: Using extension sample-template
2014-12-05T21:19:12.852Z - info: Extensions loaded.
2014-12-05T21:19:12.930Z - info: Creating default express app.
2014-12-05T21:19:12.945Z - info: jsreport server successfully started on http port: 3003
2014-12-05T21:19:12.992Z - info: reporter initialized
2014-12-05T21:19:14.412Z - info: Starting rendering request 1
2014-12-05T21:19:17.430Z - info: Rendering request 1 finished in 3017 ms
2014-12-05T21:20:44.745Z - info: Searching for available extensions in f:\docseduar\projects\DusoftServer\dusoft-server\
2014-12-05T21:20:45.729Z - info: Found 21 extensions
2014-12-05T21:20:45.760Z - info: Using extension excel-parser
2014-12-05T21:20:45.760Z - info: Using extension xlsx
2014-12-05T21:20:45.760Z - info: Using extension html-to-xlsx
2014-12-05T21:20:45.760Z - info: Using extension express
2014-12-05T21:20:45.760Z - info: Using extension templates
2014-12-05T21:20:45.760Z - info: Using extension html
2014-12-05T21:20:45.760Z - info: Using extension phantom-pdf
2014-12-05T21:20:45.760Z - info: Using extension scripts
2014-12-05T21:20:45.760Z - info: Using extension data
2014-12-05T21:20:45.776Z - info: Using extension images
2014-12-05T21:20:45.776Z - info: Using extension statistics
2014-12-05T21:20:45.776Z - info: Using extension reports
2014-12-05T21:20:45.776Z - info: Using extension childTemplates
2014-12-05T21:20:45.776Z - info: Using extension sample-template
2014-12-05T21:20:46.328Z - info: Extensions loaded.
2014-12-05T21:20:46.328Z - info: Creating default express app.
2014-12-05T21:20:46.328Z - info: jsreport server successfully started on http port: 3003
2014-12-05T21:20:46.453Z - info: reporter initialized
2014-12-05T21:20:49.194Z - info: Starting rendering request 1
2014-12-05T21:20:49.639Z - info: Rendering request 1 finished in 446 ms
2014-12-05T21:21:39.461Z - info: Searching for available extensions in f:\docseduar\projects\DusoftServer\dusoft-server\
2014-12-05T21:21:40.511Z - info: Found 21 extensions
2014-12-05T21:21:40.542Z - info: Using extension excel-parser
2014-12-05T21:21:40.542Z - info: Using extension xlsx
2014-12-05T21:21:40.558Z - info: Using extension html-to-xlsx
2014-12-05T21:21:40.558Z - info: Using extension express
2014-12-05T21:21:40.558Z - info: Using extension templates
2014-12-05T21:21:40.558Z - info: Using extension html
2014-12-05T21:21:40.558Z - info: Using extension phantom-pdf
2014-12-05T21:21:40.573Z - info: Using extension scripts
2014-12-05T21:21:40.573Z - info: Using extension data
2014-12-05T21:21:40.573Z - info: Using extension images
2014-12-05T21:21:40.573Z - info: Using extension statistics
2014-12-05T21:21:40.573Z - info: Using extension reports
2014-12-05T21:21:40.573Z - info: Using extension childTemplates
2014-12-05T21:21:40.573Z - info: Using extension sample-template
2014-12-05T21:21:41.214Z - info: Extensions loaded.
2014-12-05T21:21:41.230Z - info: Creating default express app.
2014-12-05T21:21:41.276Z - info: jsreport server successfully started on http port: 3003
2014-12-05T21:21:41.339Z - info: reporter initialized
2014-12-05T21:21:46.015Z - info: Starting rendering request 1
2014-12-05T21:21:46.523Z - info: Rendering request 1 finished in 509 ms
2014-12-05T21:43:36.271Z - info: Searching for available extensions in f:\docseduar\projects\DusoftServer\dusoft-server\
2014-12-05T21:43:37.031Z - info: Found 21 extensions
2014-12-05T21:43:37.047Z - info: Using extension excel-parser
2014-12-05T21:43:37.047Z - info: Using extension xlsx
2014-12-05T21:43:37.047Z - info: Using extension html-to-xlsx
2014-12-05T21:43:37.047Z - info: Using extension express
2014-12-05T21:43:37.047Z - info: Using extension templates
2014-12-05T21:43:37.047Z - info: Using extension html
2014-12-05T21:43:37.047Z - info: Using extension phantom-pdf
2014-12-05T21:43:37.063Z - info: Using extension scripts
2014-12-05T21:43:37.063Z - info: Using extension data
2014-12-05T21:43:37.063Z - info: Using extension images
2014-12-05T21:43:37.063Z - info: Using extension statistics
2014-12-05T21:43:37.063Z - info: Using extension reports
2014-12-05T21:43:37.063Z - info: Using extension childTemplates
2014-12-05T21:43:37.063Z - info: Using extension sample-template
2014-12-05T21:43:37.429Z - info: Extensions loaded.
2014-12-05T21:43:37.444Z - info: Creating default express app.
2014-12-05T21:43:37.444Z - info: jsreport server successfully started on http port: 3003
2014-12-05T21:43:37.519Z - info: reporter initialized
2014-12-05T21:44:19.337Z - info: Searching for available extensions in f:\docseduar\projects\DusoftServer\dusoft-server\
2014-12-05T21:44:20.036Z - info: Found 21 extensions
2014-12-05T21:44:20.052Z - info: Using extension excel-parser
2014-12-05T21:44:20.052Z - info: Using extension xlsx
2014-12-05T21:44:20.052Z - info: Using extension html-to-xlsx
2014-12-05T21:44:20.067Z - info: Using extension express
2014-12-05T21:44:20.067Z - info: Using extension templates
2014-12-05T21:44:20.067Z - info: Using extension html
2014-12-05T21:44:20.067Z - info: Using extension phantom-pdf
2014-12-05T21:44:20.067Z - info: Using extension scripts
2014-12-05T21:44:20.067Z - info: Using extension data
2014-12-05T21:44:20.067Z - info: Using extension images
2014-12-05T21:44:20.067Z - info: Using extension statistics
2014-12-05T21:44:20.067Z - info: Using extension reports
2014-12-05T21:44:20.067Z - info: Using extension childTemplates
2014-12-05T21:44:20.083Z - info: Using extension sample-template
2014-12-05T21:44:20.539Z - info: Extensions loaded.
2014-12-05T21:44:20.539Z - info: Creating default express app.
2014-12-05T21:44:20.554Z - info: jsreport server successfully started on http port: 3003
2014-12-05T21:44:20.590Z - info: reporter initialized
2014-12-05T21:44:20.610Z - info: Starting rendering request 1
2014-12-05T21:44:21.564Z - info: Rendering request 1 finished in 939 ms
2014-12-05T21:44:59.821Z - info: Starting rendering request 2
2014-12-05T21:44:59.987Z - info: Rendering request 2 finished in 166 ms
2014-12-05T21:45:24.285Z - info: Starting rendering request 3
2014-12-05T21:45:24.338Z - warn: Error when processing render request Error during rendering report: Cannot read property 'nombre' of undefined TypeError: Cannot read property 'nombre' of undefined
    at Object.obtenerNombre (evalmachine.<anonymous>:2:30)
    at Object.eval (eval at <anonymous> (f:\docseduar\projects\DusoftServer\dusoft-server\node_modules\jsreport\node_modules\handlebars\dist\cjs\handlebars\compiler\javascript-compiler.js:171:23), <anonymous>:4:102)
    at prog (f:\docseduar\projects\DusoftServer\dusoft-server\node_modules\jsreport\node_modules\handlebars\dist\cjs\handlebars\runtime.js:168:15)
    at Object.<anonymous> (f:\docseduar\projects\DusoftServer\dusoft-server\node_modules\jsreport\node_modules\handlebars\dist\cjs\handlebars\base.js:130:23)
    at Object.eval (eval at <anonymous> (f:\docseduar\projects\DusoftServer\dusoft-server\node_modules\jsreport\node_modules\handlebars\dist\cjs\handlebars\compiler\javascript-compiler.js:171:23), <anonymous>:5:25)
    at ret (f:\docseduar\projects\DusoftServer\dusoft-server\node_modules\jsreport\node_modules\handlebars\dist\cjs\handlebars\runtime.js:137:30)
    at ret (f:\docseduar\projects\DusoftServer\dusoft-server\node_modules\jsreport\node_modules\handlebars\dist\cjs\handlebars\compiler\compiler.js:422:21)
    at module.exports (f:\docseduar\projects\DusoftServer\dusoft-server\node_modules\jsreport\lib\render\handlebarsEngine.js:16:12)
    at evalmachine.<anonymous>:1:9
    at module.exports (f:\docseduar\projects\DusoftServer\dusoft-server\node_modules\jsreport\lib\render\renderExecution.js:113:8)
From previous event:
    at Reporter.renderContent (f:\docseduar\projects\DusoftServer\dusoft-server\node_modules\jsreport\lib\reporter.js:166:38)
    at Object.reporter.extensionsManager.recipes.push.execute (f:\docseduar\projects\DusoftServer\dusoft-server\node_modules\jsreport\extension\html\lib\html.js:14:29)
    at Reporter.executeRecipe (f:\docseduar\projects\DusoftServer\dusoft-server\node_modules\jsreport\lib\reporter.js:148:19)
    at Phantom.execute (f:\docseduar\projects\DusoftServer\dusoft-server\node_modules\jsreport\extension\phantom-pdf\lib\phantom.js:64:26)
    at Reporter.executeRecipe (f:\docseduar\projects\DusoftServer\dusoft-server\node_modules\jsreport\lib\reporter.js:148:19)
    at dataProvider.startContext.then.then.then.then.then.then.fail.e.message (f:\docseduar\projects\DusoftServer\dusoft-server\node_modules\jsreport\lib\reporter.js:123:21)
    at _fulfilled (f:\docseduar\projects\DusoftServer\dusoft-server\node_modules\jsreport\node_modules\jaydata\node_modules\q\q.js:860:32)
    at f:\docseduar\projects\DusoftServer\dusoft-server\node_modules\jsreport\node_modules\jaydata\node_modules\q\q.js:881:34
2014-12-05T21:46:12.979Z - info: Starting rendering request 4
2014-12-05T21:46:13.034Z - warn: Error when processing render request Error during rendering report: Cannot read property 'nombre' of undefined TypeError: Cannot read property 'nombre' of undefined
    at Object.obtenerNombre (evalmachine.<anonymous>:2:30)
    at Object.eval (eval at <anonymous> (f:\docseduar\projects\DusoftServer\dusoft-server\node_modules\jsreport\node_modules\handlebars\dist\cjs\handlebars\compiler\javascript-compiler.js:171:23), <anonymous>:4:102)
    at prog (f:\docseduar\projects\DusoftServer\dusoft-server\node_modules\jsreport\node_modules\handlebars\dist\cjs\handlebars\runtime.js:168:15)
    at Object.<anonymous> (f:\docseduar\projects\DusoftServer\dusoft-server\node_modules\jsreport\node_modules\handlebars\dist\cjs\handlebars\base.js:130:23)
    at Object.eval (eval at <anonymous> (f:\docseduar\projects\DusoftServer\dusoft-server\node_modules\jsreport\node_modules\handlebars\dist\cjs\handlebars\compiler\javascript-compiler.js:171:23), <anonymous>:5:25)
    at ret (f:\docseduar\projects\DusoftServer\dusoft-server\node_modules\jsreport\node_modules\handlebars\dist\cjs\handlebars\runtime.js:137:30)
    at ret (f:\docseduar\projects\DusoftServer\dusoft-server\node_modules\jsreport\node_modules\handlebars\dist\cjs\handlebars\compiler\compiler.js:422:21)
    at module.exports (f:\docseduar\projects\DusoftServer\dusoft-server\node_modules\jsreport\lib\render\handlebarsEngine.js:16:12)
    at evalmachine.<anonymous>:1:9
    at module.exports (f:\docseduar\projects\DusoftServer\dusoft-server\node_modules\jsreport\lib\render\renderExecution.js:113:8)
From previous event:
    at Reporter.renderContent (f:\docseduar\projects\DusoftServer\dusoft-server\node_modules\jsreport\lib\reporter.js:166:38)
    at Object.reporter.extensionsManager.recipes.push.execute (f:\docseduar\projects\DusoftServer\dusoft-server\node_modules\jsreport\extension\html\lib\html.js:14:29)
    at Reporter.executeRecipe (f:\docseduar\projects\DusoftServer\dusoft-server\node_modules\jsreport\lib\reporter.js:148:19)
    at Phantom.execute (f:\docseduar\projects\DusoftServer\dusoft-server\node_modules\jsreport\extension\phantom-pdf\lib\phantom.js:64:26)
    at Reporter.executeRecipe (f:\docseduar\projects\DusoftServer\dusoft-server\node_modules\jsreport\lib\reporter.js:148:19)
    at dataProvider.startContext.then.then.then.then.then.then.fail.e.message (f:\docseduar\projects\DusoftServer\dusoft-server\node_modules\jsreport\lib\reporter.js:123:21)
    at _fulfilled (f:\docseduar\projects\DusoftServer\dusoft-server\node_modules\jsreport\node_modules\jaydata\node_modules\q\q.js:860:32)
    at f:\docseduar\projects\DusoftServer\dusoft-server\node_modules\jsreport\node_modules\jaydata\node_modules\q\q.js:881:34
2014-12-05T21:48:01.604Z - info: Searching for available extensions in f:\docseduar\projects\DusoftServer\dusoft-server\
2014-12-05T21:48:02.319Z - info: Found 21 extensions
2014-12-05T21:48:02.334Z - info: Using extension excel-parser
2014-12-05T21:48:02.336Z - info: Using extension xlsx
2014-12-05T21:48:02.338Z - info: Using extension html-to-xlsx
2014-12-05T21:48:02.339Z - info: Using extension express
2014-12-05T21:48:02.341Z - info: Using extension templates
2014-12-05T21:48:02.342Z - info: Using extension html
2014-12-05T21:48:02.343Z - info: Using extension phantom-pdf
2014-12-05T21:48:02.345Z - info: Using extension scripts
2014-12-05T21:48:02.351Z - info: Using extension data
2014-12-05T21:48:02.352Z - info: Using extension images
2014-12-05T21:48:02.354Z - info: Using extension statistics
2014-12-05T21:48:02.355Z - info: Using extension reports
2014-12-05T21:48:02.358Z - info: Using extension childTemplates
2014-12-05T21:48:02.360Z - info: Using extension sample-template
2014-12-05T21:48:02.802Z - info: Extensions loaded.
2014-12-05T21:48:02.808Z - info: Creating default express app.
2014-12-05T21:48:02.841Z - info: jsreport server successfully started on http port: 3003
2014-12-05T21:48:02.899Z - info: reporter initialized
2014-12-05T21:48:06.013Z - info: Starting rendering request 1
2014-12-05T21:48:06.181Z - warn: Error when processing render request Error during rendering report: Cannot read property 'nombre' of undefined TypeError: Cannot read property 'nombre' of undefined
    at Object.obtenerNombre (evalmachine.<anonymous>:2:30)
    at Object.eval (eval at <anonymous> (f:\docseduar\projects\DusoftServer\dusoft-server\node_modules\jsreport\node_modules\handlebars\dist\cjs\handlebars\compiler\javascript-compiler.js:171:23), <anonymous>:4:102)
    at prog (f:\docseduar\projects\DusoftServer\dusoft-server\node_modules\jsreport\node_modules\handlebars\dist\cjs\handlebars\runtime.js:168:15)
    at Object.<anonymous> (f:\docseduar\projects\DusoftServer\dusoft-server\node_modules\jsreport\node_modules\handlebars\dist\cjs\handlebars\base.js:130:23)
    at Object.eval (eval at <anonymous> (f:\docseduar\projects\DusoftServer\dusoft-server\node_modules\jsreport\node_modules\handlebars\dist\cjs\handlebars\compiler\javascript-compiler.js:171:23), <anonymous>:5:25)
    at ret (f:\docseduar\projects\DusoftServer\dusoft-server\node_modules\jsreport\node_modules\handlebars\dist\cjs\handlebars\runtime.js:137:30)
    at ret (f:\docseduar\projects\DusoftServer\dusoft-server\node_modules\jsreport\node_modules\handlebars\dist\cjs\handlebars\compiler\compiler.js:422:21)
    at module.exports (f:\docseduar\projects\DusoftServer\dusoft-server\node_modules\jsreport\lib\render\handlebarsEngine.js:16:12)
    at evalmachine.<anonymous>:1:9
    at module.exports (f:\docseduar\projects\DusoftServer\dusoft-server\node_modules\jsreport\lib\render\renderExecution.js:113:8)
From previous event:
    at Reporter.renderContent (f:\docseduar\projects\DusoftServer\dusoft-server\node_modules\jsreport\lib\reporter.js:166:38)
    at Object.reporter.extensionsManager.recipes.push.execute (f:\docseduar\projects\DusoftServer\dusoft-server\node_modules\jsreport\extension\html\lib\html.js:14:29)
    at Reporter.executeRecipe (f:\docseduar\projects\DusoftServer\dusoft-server\node_modules\jsreport\lib\reporter.js:148:19)
    at Phantom.execute (f:\docseduar\projects\DusoftServer\dusoft-server\node_modules\jsreport\extension\phantom-pdf\lib\phantom.js:64:26)
    at Reporter.executeRecipe (f:\docseduar\projects\DusoftServer\dusoft-server\node_modules\jsreport\lib\reporter.js:148:19)
    at dataProvider.startContext.then.then.then.then.then.then.fail.e.message (f:\docseduar\projects\DusoftServer\dusoft-server\node_modules\jsreport\lib\reporter.js:123:21)
    at _fulfilled (f:\docseduar\projects\DusoftServer\dusoft-server\node_modules\jsreport\node_modules\jaydata\node_modules\q\q.js:860:32)
    at f:\docseduar\projects\DusoftServer\dusoft-server\node_modules\jsreport\node_modules\jaydata\node_modules\q\q.js:881:34
2014-12-05T21:48:44.099Z - info: Searching for available extensions in f:\docseduar\projects\DusoftServer\dusoft-server\
2014-12-05T21:48:44.830Z - info: Found 21 extensions
2014-12-05T21:48:44.846Z - info: Using extension excel-parser
2014-12-05T21:48:44.846Z - info: Using extension xlsx
2014-12-05T21:48:44.846Z - info: Using extension html-to-xlsx
2014-12-05T21:48:44.846Z - info: Using extension express
2014-12-05T21:48:44.846Z - info: Using extension templates
2014-12-05T21:48:44.846Z - info: Using extension html
2014-12-05T21:48:44.846Z - info: Using extension phantom-pdf
2014-12-05T21:48:44.846Z - info: Using extension scripts
2014-12-05T21:48:44.846Z - info: Using extension data
2014-12-05T21:48:44.846Z - info: Using extension images
2014-12-05T21:48:44.861Z - info: Using extension statistics
2014-12-05T21:48:44.861Z - info: Using extension reports
2014-12-05T21:48:44.861Z - info: Using extension childTemplates
2014-12-05T21:48:44.861Z - info: Using extension sample-template
2014-12-05T21:48:45.298Z - info: Extensions loaded.
2014-12-05T21:48:45.298Z - info: Creating default express app.
2014-12-05T21:48:45.298Z - info: jsreport server successfully started on http port: 3003
2014-12-05T21:48:45.329Z - info: reporter initialized
2014-12-05T21:48:46.842Z - info: Starting rendering request 1
2014-12-05T21:48:47.230Z - info: Rendering request 1 finished in 388 ms
2014-12-05T21:57:42.413Z - info: Starting rendering request 2
2014-12-05T21:57:42.574Z - info: Rendering request 2 finished in 162 ms
2014-12-05T22:04:06.669Z - info: Starting rendering request 3
2014-12-05T22:04:06.830Z - info: Rendering request 3 finished in 161 ms
2014-12-05T22:04:17.957Z - info: Starting rendering request 4
2014-12-05T22:04:18.139Z - info: Rendering request 4 finished in 182 ms
